#
# A fatal error has been detected by the Java Runtime Environment:
#
#  EXCEPTION_ACCESS_VIOLATION (0xc0000005) at pc=0x00007ffe3d23d156, pid=1376, tid=0x0000000000003628
#
# JRE version: Java(TM) SE Runtime Environment (8.0_112-b15) (build 1.8.0_112-b15)
# Java VM: Java HotSpot(TM) 64-Bit Server VM (25.112-b15 mixed mode windows-amd64 compressed oops)
# Problematic frame:
# C  [librdi_filemgmt.dll+0x23d156]
#
# Failed to write core dump. Minidumps are not enabled by default on client versions of Windows
#
# If you would like to submit a bug report, please visit:
#   http://bugreport.java.com/bugreport/crash.jsp
# The crash happened outside the Java Virtual Machine in native code.
# See problematic frame for where to report the bug.
#

---------------  T H R E A D  ---------------

Current thread (0x00000238af9d6000):  JavaThread "AWT-EventQueue-0" [_thread_in_native, id=13864, stack(0x0000008fb2a00000,0x0000008fb2f00000)]

siginfo: ExceptionCode=0xc0000005, reading address 0xffffffffffffffff

Registers:
RAX=0x0000000000000001, RBX=0x00000238b83224b8, RCX=0x000002388b260000, RDX=0x80029a0008011576
RSP=0x0000008fb2efde20, RBP=0x0000008fb2efe0c0, RSI=0x0000000000000000, RDI=0x00000238b914e060
R8 =0x000002388b195700, R9 =0x0000000000000001, R10=0x0000000000008000, R11=0x0000008fb2efdd80
R12=0x000002389372d060, R13=0x0000000000000000, R14=0x0000000000000000, R15=0x0000008fb2efe198
RIP=0x00007ffe3d23d156, EFLAGS=0x0000000000010202

Top of Stack: (sp=0x0000008fb2efde20)
0x0000008fb2efde20:   00000238b83224b0 0000000000000000
0x0000008fb2efde30:   00000238b83224b0 00007ffe4a5c09e4
0x0000008fb2efde40:   fffffffffffffffe 00000238b8be1000
0x0000008fb2efde50:   00000007c0000208 0000000000000000
0x0000008fb2efde60:   000000000000000f 00000238b8be0c00
0x0000008fb2efde70:   0000008fb2efdff0 0000000000000000
0x0000008fb2efde80:   000000000000000f 000068a92025e914
0x0000008fb2efde90:   000000000000004e 000002389372d060
0x0000008fb2efdea0:   0000008fb2efe0c0 00007ffe3d23bd51
0x0000008fb2efdeb0:   00000007c0000208 00007ffe3d3bc158
0x0000008fb2efdec0:   00000238b914e060 0000008fb2efdfb0
0x0000008fb2efded0:   0000008fb2efe0c0 00000238930d3130
0x0000008fb2efdee0:   fffffffffffffffe 00007ffe864207bd
0x0000008fb2efdef0:   65646970532f3a46 725049534c562f72
0x0000008fb2efdf00:   000002389372d060 49534c562f746947
0x0000008fb2efdf10:   2f4d49323356522f 732e4d4932335652 

Instructions: (pc=0x00007ffe3d23d156)
0x00007ffe3d23d136:   66 66 0f 1f 84 00 00 00 00 00 48 8b 13 48 c7 44
0x00007ffe3d23d146:   24 40 0f 00 00 00 4c 89 74 24 38 c6 44 24 28 00
0x00007ffe3d23d156:   80 3a 00 75 05 4d 8b c6 eb 0e 49 83 c8 ff 49 ff
0x00007ffe3d23d166:   c0 42 80 3c 02 00 75 f6 48 8d 4c 24 28 e8 d8 7f 


Register to memory mapping:

RAX=0x0000000000000001 is an unknown value
RBX=0x00000238b83224b8 is an unknown value
RCX=0x000002388b260000 is an unknown value
RDX=0x80029a0008011576 is an unknown value
RSP=0x0000008fb2efde20 is pointing into the stack for thread: 0x00000238af9d6000
RBP=0x0000008fb2efe0c0 is pointing into the stack for thread: 0x00000238af9d6000
RSI=0x0000000000000000 is an unknown value
RDI=0x00000238b914e060 is an unknown value
R8 =0x000002388b195700 is an unknown value
R9 =0x0000000000000001 is an unknown value
R10=0x0000000000008000 is an unknown value
R11=0x0000008fb2efdd80 is pointing into the stack for thread: 0x00000238af9d6000
R12=0x000002389372d060 is an unknown value
R13=0x0000000000000000 is an unknown value
R14=0x0000000000000000 is an unknown value
R15=0x0000008fb2efe198 is pointing into the stack for thread: 0x00000238af9d6000


Stack: [0x0000008fb2a00000,0x0000008fb2f00000],  sp=0x0000008fb2efde20,  free space=5111k
Native frames: (J=compiled Java code, j=interpreted, Vv=VM code, C=native code)
C  [librdi_filemgmt.dll+0x23d156]
C  [librdi_filemgmt.dll+0x23bd51]
C  [librdi_filemgmt.dll+0x250c78]
C  0x0000023897f71d32

Java frames: (J=compiled Java code, j=interpreted, Vv=VM code)
J 21065  ui.data.srcscan.srcscani.EditorAssist_createParseInfoIter(JLjava/lang/String;)J (0 bytes) @ 0x0000023897f71c95 [0x0000023897f71c40+0x55]
J 24907 C1 ui.data.k.a.bKp()V (229 bytes) @ 0x000002389a066044 [0x000002389a065900+0x744]
J 24934 C1 ui.views.V.a.Z.a(Lui/data/k/a;Ljava/lang/String;)V (21 bytes) @ 0x00000238998253cc [0x0000023899825220+0x1ac]
j  ui.views.V.a.Z.gue()V+42
J 24932 C1 ui.views.V.a.aq.finished()V (81 bytes) @ 0x000002389826edf4 [0x000002389826eac0+0x334]
J 22526 C1 ui.frmwork.x.run()V (15 bytes) @ 0x00000238976b2de4 [0x00000238976b2c60+0x184]
J 10704 C2 java.awt.EventQueue$3.run()Ljava/lang/Object; (5 bytes) @ 0x0000023897df6f8c [0x0000023897df6c60+0x32c]
v  ~StubRoutines::call_stub
J 2431  java.security.AccessController.doPrivileged(Ljava/security/PrivilegedAction;Ljava/security/AccessControlContext;)Ljava/lang/Object; (0 bytes) @ 0x0000023896676b66 [0x0000023896676b00+0x66]
J 10699 C2 ui.frmwork.b.d.dispatchEvent(Ljava/awt/AWTEvent;)V (45 bytes) @ 0x0000023897de9454 [0x0000023897de9200+0x254]
J 20385 C2 java.awt.EventDispatchThread.pumpOneEventForFilters(I)V (295 bytes) @ 0x0000023899729ab4 [0x0000023899729760+0x354]
J 19273% C2 java.awt.EventDispatchThread.pumpEventsForFilter(ILjava/awt/Conditional;Ljava/awt/EventFilter;)V (47 bytes) @ 0x0000023896b19260 [0x0000023896b19160+0x100]
j  java.awt.EventDispatchThread.pumpEventsForHierarchy(ILjava/awt/Conditional;Ljava/awt/Component;)V+11
j  java.awt.EventDispatchThread.pumpEvents(ILjava/awt/Conditional;)V+4
j  java.awt.EventDispatchThread.pumpEvents(Ljava/awt/Conditional;)V+3
j  java.awt.EventDispatchThread.run()V+9
v  ~StubRoutines::call_stub

---------------  P R O C E S S  ---------------

Java Threads: ( => current thread )
  0x00000238ae89b000 JavaThread "Code Inspector" [_thread_in_native, id=7352, stack(0x0000008fb8900000,0x0000008fb8e00000)]
  0x00000238ae893800 JavaThread "Monitor File Timestamp Swing Worker" [_thread_blocked, id=13308, stack(0x0000008fb7f00000,0x0000008fb8400000)]
  0x00000238afb0b000 JavaThread "Timer-4" [_thread_blocked, id=4184, stack(0x0000008fb6e00000,0x0000008fb7300000)]
  0x00000238afb06800 JavaThread "Thread-1315" [_thread_in_native, id=12696, stack(0x0000008fb4800000,0x0000008fb4900000)]
  0x00000238ae896800 JavaThread "Swing-Shell" daemon [_thread_blocked, id=15016, stack(0x0000008fb6600000,0x0000008fb6b00000)]
  0x00000238ae897800 JavaThread "Thread-1168" [_thread_in_native, id=3356, stack(0x0000008fad600000,0x0000008fad700000)]
  0x00000238ae899800 JavaThread "SyntheticaAnimation 50" daemon [_thread_blocked, id=12428, stack(0x0000008fb4300000,0x0000008fb4800000)]
  0x00000238ae898000 JavaThread "Thread-912" [_thread_in_native, id=8428, stack(0x0000008fad500000,0x0000008fad600000)]
  0x00000238ae899000 JavaThread "Thread-719" [_thread_in_native, id=12212, stack(0x0000008fb4800000,0x0000008fb4900000)]
  0x00000238ae895000 JavaThread "Thread-400" [_thread_in_native, id=13504, stack(0x0000008fb4800000,0x0000008fb4900000)]
  0x00000238af85b800 JavaThread "SyntheticaAnimation 50" daemon [_thread_blocked, id=10560, stack(0x0000008fb7a00000,0x0000008fb7f00000)]
  0x00000238af84e800 JavaThread "Image Animator 0" daemon [_thread_blocked, id=6940, stack(0x0000008fb2500000,0x0000008fb2a00000)]
  0x00000238af854800 JavaThread "Thread-23" [_thread_in_native, id=8272, stack(0x0000008fb4400000,0x0000008fb4500000)]
  0x00000238af853000 JavaThread "Thread-22" [_thread_in_native, id=13232, stack(0x0000008fb4300000,0x0000008fb4400000)]
  0x00000238af851000 JavaThread "hw_ila_monitor" [_thread_blocked, id=5312, stack(0x0000008fb6100000,0x0000008fb6600000)]
  0x00000238af850000 JavaThread "Update Runs Swing Worker" [_thread_blocked, id=12472, stack(0x0000008fb5c00000,0x0000008fb6100000)]
  0x00000238af851800 JavaThread "Refresh Filesets Swing Worker" [_thread_blocked, id=14248, stack(0x0000008fb3900000,0x0000008fb3e00000)]
  0x00000238afb0c000 JavaThread "SyntheticaAnimation 70" daemon [_thread_blocked, id=11588, stack(0x0000008fb4b00000,0x0000008fb5000000)]
  0x00000238afb09000 JavaThread "SyntheticaAnimation 25" daemon [_thread_blocked, id=7580, stack(0x0000008fb5700000,0x0000008fb5c00000)]
  0x00000238afb08000 JavaThread "SyntheticaAnimation 50" daemon [_thread_blocked, id=14748, stack(0x0000008fb5200000,0x0000008fb5700000)]
  0x00000238afb06000 JavaThread "SyntheticaCleanerThread" daemon [_thread_blocked, id=7584, stack(0x0000008fb3e00000,0x0000008fb4300000)]
  0x00000238afb09800 JavaThread "Batik CleanerThread" daemon [_thread_blocked, id=4628, stack(0x0000008fb2f00000,0x0000008fb3400000)]
  0x00000238af7f7800 JavaThread "Process Messages" [_thread_blocked, id=11796, stack(0x0000008fb3400000,0x0000008fb3900000)]
  0x00000238af817800 JavaThread "Thread-3" [_thread_in_native, id=13176, stack(0x0000008fad700000,0x0000008faeb00000)]
=>0x00000238af9d6000 JavaThread "AWT-EventQueue-0" [_thread_in_native, id=13864, stack(0x0000008fb2a00000,0x0000008fb2f00000)]
  0x00000238ae71c800 JavaThread "AWT-Windows" daemon [_thread_in_native, id=6196, stack(0x0000008fb2000000,0x0000008fb2500000)]
  0x00000238ae71c000 JavaThread "AWT-Shutdown" [_thread_blocked, id=212, stack(0x0000008fb1b00000,0x0000008fb2000000)]
  0x00000238ae7a3800 JavaThread "Java2D Disposer" daemon [_thread_blocked, id=5400, stack(0x0000008fb1600000,0x0000008fb1b00000)]
  0x00000238ae72d000 JavaThread "TimerQueue" daemon [_thread_blocked, id=14764, stack(0x0000008fb1100000,0x0000008fb1600000)]
  0x00000238acf80800 JavaThread "Service Thread" daemon [_thread_blocked, id=8424, stack(0x0000008fb0b00000,0x0000008fb1000000)]
  0x00000238acf75000 JavaThread "C1 CompilerThread2" daemon [_thread_blocked, id=13104, stack(0x0000008fb0a00000,0x0000008fb0b00000)]
  0x00000238acf71000 JavaThread "C2 CompilerThread1" daemon [_thread_blocked, id=4256, stack(0x0000008fb0900000,0x0000008fb0a00000)]
  0x00000238acf6f800 JavaThread "C2 CompilerThread0" daemon [_thread_blocked, id=14936, stack(0x0000008fb0800000,0x0000008fb0900000)]
  0x00000238acf6e000 JavaThread "Attach Listener" daemon [_thread_blocked, id=6352, stack(0x0000008fb0300000,0x0000008fb0800000)]
  0x00000238acf6d000 JavaThread "Signal Dispatcher" daemon [_thread_blocked, id=2208, stack(0x0000008fafe00000,0x0000008fb0300000)]
  0x00000238acf54800 JavaThread "Finalizer" daemon [_thread_blocked, id=15312, stack(0x0000008faf900000,0x0000008fafe00000)]
  0x0000023892e25000 JavaThread "Reference Handler" daemon [_thread_blocked, id=3284, stack(0x0000008faf400000,0x0000008faf900000)]
  0x0000023892d34000 JavaThread "main" [_thread_blocked, id=5564, stack(0x0000008faee00000,0x0000008faef00000)]

Other Threads:
  0x00000238acf30000 VMThread [stack: 0x0000008faf300000,0x0000008faf400000] [id=14044]
  0x00000238acf9d800 WatcherThread [stack: 0x0000008fb1000000,0x0000008fb1100000] [id=400]

VM state:not at safepoint (normal execution)

VM Mutex/Monitor currently owned by a thread: None

Heap:
 PSYoungGen      total 56832K, used 30125K [0x00000007bc400000, 0x00000007c0000000, 0x00000007c0000000)
  eden space 51712K, 55% used [0x00000007bc400000,0x00000007bdff3478,0x00000007bf680000)
  from space 5120K, 29% used [0x00000007bfb00000,0x00000007bfc78000,0x00000007c0000000)
  to   space 4608K, 0% used [0x00000007bf680000,0x00000007bf680000,0x00000007bfb00000)
 ParOldGen       total 193536K, used 109020K [0x0000000700000000, 0x000000070bd00000, 0x00000007bc400000)
  object space 193536K, 56% used [0x0000000700000000,0x0000000706a77338,0x000000070bd00000)
 Metaspace       used 79814K, capacity 80719K, committed 81408K, reserved 1118208K
  class space    used 11481K, capacity 11662K, committed 11776K, reserved 1048576K

Card table byte_map: [0x00000238a5260000,0x00000238a5870000] byte_map_base: 0x00000238a1a60000

Marking Bits: (ParMarkBitMap*) 0x000000007741a6d0
 Begin Bits: [0x00000238a5e60000, 0x00000238a8e60000)
 End Bits:   [0x00000238a8e60000, 0x00000238abe60000)

Polling page: 0x000002388cb00000

CodeCache: size=245760Kb used=70646Kb max_used=71646Kb free=175113Kb
 bounds [0x0000023895ea0000, 0x000002389a540000, 0x00000238a4ea0000]
 total_blobs=19420 nmethods=18498 adapters=823
 compilation: enabled

Compilation events (10 events):
Event: 7186.111 Thread 0x00000238acf75000 25479       3       ui.utils.o.g.f::b (177 bytes)
Event: 7186.113 Thread 0x00000238acf75000 nmethod 25479 0x000002389849b3d0 code [0x000002389849b700, 0x000002389849d000]
Event: 7186.113 Thread 0x00000238acf75000 25478   !   3       ui.utils.o.g.f::breakView (144 bytes)
Event: 7186.114 Thread 0x00000238acf75000 nmethod 25478 0x0000023898f0ec10 code [0x0000023898f0ee40, 0x0000023898f0fd70]
Event: 7186.815 Thread 0x00000238acf75000 25480       3       ui.views.V.a.as::c (42 bytes)
Event: 7186.817 Thread 0x00000238acf75000 nmethod 25480 0x00000238967a7710 code [0x00000238967a7920, 0x00000238967a8460]
Event: 7188.987 Thread 0x00000238acf75000 25481       3       sun.nio.cs.StreamDecoder::<init> (64 bytes)
Event: 7188.989 Thread 0x00000238acf75000 nmethod 25481 0x0000023898905dd0 code [0x0000023898905f80, 0x0000023898906780]
Event: 7189.583 Thread 0x00000238acf71000 25482       4       java.util.concurrent.locks.AbstractQueuedSynchronizer$ConditionObject::await (98 bytes)
Event: 7189.595 Thread 0x00000238acf71000 nmethod 25482 0x0000023896023910 code [0x0000023896023ae0, 0x00000238960244c0]

GC Heap History (10 events):
Event: 7132.184 GC heap before
{Heap before GC invocations=563 (full 61):
 PSYoungGen      total 56320K, used 3372K [0x00000007bc400000, 0x00000007c0000000, 0x00000007c0000000)
  eden space 51200K, 0% used [0x00000007bc400000,0x00000007bc400000,0x00000007bf600000)
  from space 5120K, 65% used [0x00000007bfb00000,0x00000007bfe4b008,0x00000007c0000000)
  to   space 5120K, 0% used [0x00000007bf600000,0x00000007bf600000,0x00000007bfb00000)
 ParOldGen       total 193536K, used 115969K [0x0000000700000000, 0x000000070bd00000, 0x00000007bc400000)
  object space 193536K, 59% used [0x0000000700000000,0x00000007071404a0,0x000000070bd00000)
 Metaspace       used 79712K, capacity 80617K, committed 81152K, reserved 1118208K
  class space    used 11467K, capacity 11653K, committed 11776K, reserved 1048576K
Event: 7132.781 GC heap after
Heap after GC invocations=563 (full 61):
 PSYoungGen      total 56320K, used 0K [0x00000007bc400000, 0x00000007c0000000, 0x00000007c0000000)
  eden space 51200K, 0% used [0x00000007bc400000,0x00000007bc400000,0x00000007bf600000)
  from space 5120K, 0% used [0x00000007bfb00000,0x00000007bfb00000,0x00000007c0000000)
  to   space 5120K, 0% used [0x00000007bf600000,0x00000007bf600000,0x00000007bfb00000)
 ParOldGen       total 193536K, used 109012K [0x0000000700000000, 0x000000070bd00000, 0x00000007bc400000)
  object space 193536K, 56% used [0x0000000700000000,0x0000000706a75338,0x000000070bd00000)
 Metaspace       used 79712K, capacity 80617K, committed 81152K, reserved 1118208K
  class space    used 11467K, capacity 11653K, committed 11776K, reserved 1048576K
}
Event: 7143.799 GC heap before
{Heap before GC invocations=564 (full 61):
 PSYoungGen      total 56320K, used 51200K [0x00000007bc400000, 0x00000007c0000000, 0x00000007c0000000)
  eden space 51200K, 100% used [0x00000007bc400000,0x00000007bf600000,0x00000007bf600000)
  from space 5120K, 0% used [0x00000007bfb00000,0x00000007bfb00000,0x00000007c0000000)
  to   space 5120K, 0% used [0x00000007bf600000,0x00000007bf600000,0x00000007bfb00000)
 ParOldGen       total 193536K, used 109012K [0x0000000700000000, 0x000000070bd00000, 0x00000007bc400000)
  object space 193536K, 56% used [0x0000000700000000,0x0000000706a75338,0x000000070bd00000)
 Metaspace       used 79802K, capacity 80655K, committed 81152K, reserved 1118208K
  class space    used 11481K, capacity 11662K, committed 11776K, reserved 1048576K
Event: 7143.806 GC heap after
Heap after GC invocations=564 (full 61):
 PSYoungGen      total 56320K, used 982K [0x00000007bc400000, 0x00000007c0000000, 0x00000007c0000000)
  eden space 51200K, 0% used [0x00000007bc400000,0x00000007bc400000,0x00000007bf600000)
  from space 5120K, 19% used [0x00000007bf600000,0x00000007bf6f59c0,0x00000007bfb00000)
  to   space 5120K, 0% used [0x00000007bfb00000,0x00000007bfb00000,0x00000007c0000000)
 ParOldGen       total 193536K, used 109020K [0x0000000700000000, 0x000000070bd00000, 0x00000007bc400000)
  object space 193536K, 56% used [0x0000000700000000,0x0000000706a77338,0x000000070bd00000)
 Metaspace       used 79802K, capacity 80655K, committed 81152K, reserved 1118208K
  class space    used 11481K, capacity 11662K, committed 11776K, reserved 1048576K
}
Event: 7146.243 GC heap before
{Heap before GC invocations=565 (full 61):
 PSYoungGen      total 56320K, used 52182K [0x00000007bc400000, 0x00000007c0000000, 0x00000007c0000000)
  eden space 51200K, 100% used [0x00000007bc400000,0x00000007bf600000,0x00000007bf600000)
  from space 5120K, 19% used [0x00000007bf600000,0x00000007bf6f59c0,0x00000007bfb00000)
  to   space 5120K, 0% used [0x00000007bfb00000,0x00000007bfb00000,0x00000007c0000000)
 ParOldGen       total 193536K, used 109020K [0x0000000700000000, 0x000000070bd00000, 0x00000007bc400000)
  object space 193536K, 56% used [0x0000000700000000,0x0000000706a77338,0x000000070bd00000)
 Metaspace       used 79807K, capacity 80719K, committed 81408K, reserved 1118208K
  class space    used 11481K, capacity 11662K, committed 11776K, reserved 1048576K
Event: 7146.248 GC heap after
Heap after GC invocations=565 (full 61):
 PSYoungGen      total 56320K, used 736K [0x00000007bc400000, 0x00000007c0000000, 0x00000007c0000000)
  eden space 51200K, 0% used [0x00000007bc400000,0x00000007bc400000,0x00000007bf600000)
  from space 5120K, 14% used [0x00000007bfb00000,0x00000007bfbb8000,0x00000007c0000000)
  to   space 5120K, 0% used [0x00000007bf600000,0x00000007bf600000,0x00000007bfb00000)
 ParOldGen       total 193536K, used 109020K [0x0000000700000000, 0x000000070bd00000, 0x00000007bc400000)
  object space 193536K, 56% used [0x0000000700000000,0x0000000706a77338,0x000000070bd00000)
 Metaspace       used 79807K, capacity 80719K, committed 81408K, reserved 1118208K
  class space    used 11481K, capacity 11662K, committed 11776K, reserved 1048576K
}
Event: 7151.489 GC heap before
{Heap before GC invocations=566 (full 61):
 PSYoungGen      total 56320K, used 51936K [0x00000007bc400000, 0x00000007c0000000, 0x00000007c0000000)
  eden space 51200K, 100% used [0x00000007bc400000,0x00000007bf600000,0x00000007bf600000)
  from space 5120K, 14% used [0x00000007bfb00000,0x00000007bfbb8000,0x00000007c0000000)
  to   space 5120K, 0% used [0x00000007bf600000,0x00000007bf600000,0x00000007bfb00000)
 ParOldGen       total 193536K, used 109020K [0x0000000700000000, 0x000000070bd00000, 0x00000007bc400000)
  object space 193536K, 56% used [0x0000000700000000,0x0000000706a77338,0x000000070bd00000)
 Metaspace       used 79808K, capacity 80719K, committed 81408K, reserved 1118208K
  class space    used 11481K, capacity 11662K, committed 11776K, reserved 1048576K
Event: 7151.504 GC heap after
Heap after GC invocations=566 (full 61):
 PSYoungGen      total 56320K, used 1280K [0x00000007bc400000, 0x00000007c0000000, 0x00000007c0000000)
  eden space 51200K, 0% used [0x00000007bc400000,0x00000007bc400000,0x00000007bf600000)
  from space 5120K, 25% used [0x00000007bf600000,0x00000007bf740000,0x00000007bfb00000)
  to   space 5120K, 0% used [0x00000007bfb00000,0x00000007bfb00000,0x00000007c0000000)
 ParOldGen       total 193536K, used 109020K [0x0000000700000000, 0x000000070bd00000, 0x00000007bc400000)
  object space 193536K, 56% used [0x0000000700000000,0x0000000706a77338,0x000000070bd00000)
 Metaspace       used 79808K, capacity 80719K, committed 81408K, reserved 1118208K
  class space    used 11481K, capacity 11662K, committed 11776K, reserved 1048576K
}
Event: 7179.351 GC heap before
{Heap before GC invocations=567 (full 61):
 PSYoungGen      total 56320K, used 52480K [0x00000007bc400000, 0x00000007c0000000, 0x00000007c0000000)
  eden space 51200K, 100% used [0x00000007bc400000,0x00000007bf600000,0x00000007bf600000)
  from space 5120K, 25% used [0x00000007bf600000,0x00000007bf740000,0x00000007bfb00000)
  to   space 5120K, 0% used [0x00000007bfb00000,0x00000007bfb00000,0x00000007c0000000)
 ParOldGen       total 193536K, used 109020K [0x0000000700000000, 0x000000070bd00000, 0x00000007bc400000)
  object space 193536K, 56% used [0x0000000700000000,0x0000000706a77338,0x000000070bd00000)
 Metaspace       used 79808K, capacity 80719K, committed 81408K, reserved 1118208K
  class space    used 11481K, capacity 11662K, committed 11776K, reserved 1048576K
Event: 7179.359 GC heap after
Heap after GC invocations=567 (full 61):
 PSYoungGen      total 56832K, used 1504K [0x00000007bc400000, 0x00000007c0000000, 0x00000007c0000000)
  eden space 51712K, 0% used [0x00000007bc400000,0x00000007bc400000,0x00000007bf680000)
  from space 5120K, 29% used [0x00000007bfb00000,0x00000007bfc78000,0x00000007c0000000)
  to   space 4608K, 0% used [0x00000007bf680000,0x00000007bf680000,0x00000007bfb00000)
 ParOldGen       total 193536K, used 109020K [0x0000000700000000, 0x000000070bd00000, 0x00000007bc400000)
  object space 193536K, 56% used [0x0000000700000000,0x0000000706a77338,0x000000070bd00000)
 Metaspace       used 79808K, capacity 80719K, committed 81408K, reserved 1118208K
  class space    used 11481K, capacity 11662K, committed 11776K, reserved 1048576K
}

Deoptimization events (10 events):
Event: 7137.282 Thread 0x00000238af9d6000 Uncommon trap: reason=class_check action=maybe_recompile pc=0x0000023896403bb0 method=javax.swing.JComponent.paint(Ljava/awt/Graphics;)V @ 54
Event: 7137.283 Thread 0x00000238af9d6000 Uncommon trap: reason=bimorphic action=maybe_recompile pc=0x000002389a09856c method=com.jidesoft.editor.CodeEditorPainter.paint(Ljava/awt/Graphics;)V @ 41
Event: 7137.284 Thread 0x00000238af9d6000 Uncommon trap: reason=class_check action=maybe_recompile pc=0x0000023896403bb0 method=javax.swing.JComponent.paint(Ljava/awt/Graphics;)V @ 54
Event: 7137.284 Thread 0x00000238af9d6000 Uncommon trap: reason=bimorphic action=maybe_recompile pc=0x000002389a09856c method=com.jidesoft.editor.CodeEditorPainter.paint(Ljava/awt/Graphics;)V @ 41
Event: 7137.285 Thread 0x00000238af9d6000 Uncommon trap: reason=unstable_if action=reinterpret pc=0x00000238971f9714 method=sun.java2d.pipe.DrawImage.blitSurfaceData(Lsun/java2d/SunGraphics2D;Lsun/java2d/pipe/Region;Lsun/java2d/SurfaceData;Lsun/java2d/SurfaceData;Lsun/java2d/loops/SurfaceType;Lsu
Event: 7137.292 Thread 0x00000238af9d6000 Uncommon trap: reason=unstable_if action=reinterpret pc=0x0000023897d93310 method=sun.java2d.SunGraphics2D.setComposite(Ljava/awt/Composite;)V @ 183
Event: 7137.532 Thread 0x00000238af9d6000 Uncommon trap: reason=class_check action=maybe_recompile pc=0x0000023897a97b00 method=com.jidesoft.grid.CellSpanTable.isCellSpanOn()Z @ 54
Event: 7149.940 Thread 0x00000238af9d6000 Uncommon trap: reason=unstable_if action=reinterpret pc=0x0000023897ac1bcc method=java.lang.AbstractStringBuilder.append([CII)Ljava/lang/AbstractStringBuilder; @ 1
Event: 7169.980 Thread 0x00000238af9d6000 Uncommon trap: reason=unstable_if action=reinterpret pc=0x000002389692b1e4 method=java.lang.AbstractStringBuilder.append([CII)Ljava/lang/AbstractStringBuilder; @ 1
Event: 7174.346 Thread 0x00000238af9d6000 Uncommon trap: reason=unstable_if action=reinterpret pc=0x00000238987059b4 method=java.util.concurrent.locks.AbstractQueuedSynchronizer.unparkSuccessor(Ljava/util/concurrent/locks/AbstractQueuedSynchronizer$Node;)V @ 22

Internal exceptions (10 events):
Event: 6140.338 Thread 0x00000238ae896800 Exception <a 'java/lang/InterruptedException': sleep interrupted> (0x00000007bea7bb50) thrown at [C:\re\workspace\8-2-build-windows-amd64-cygwin\jdk8u112\7884\hotspot\src\share\vm\prims\jvm.cpp, line 3180]
Event: 6469.443 Thread 0x00000238af9d6000 Implicit null exception at 0x0000023898737fec to 0x000002389873fa8d
Event: 6513.631 Thread 0x00000238ae894800 Exception <a 'java/lang/InterruptedException': sleep interrupted> (0x00000007bd3c57d8) thrown at [C:\re\workspace\8-2-build-windows-amd64-cygwin\jdk8u112\7884\hotspot\src\share\vm\prims\jvm.cpp, line 3180]
Event: 6845.058 Thread 0x00000238af9d6000 Implicit null exception at 0x00000238984ae90d to 0x00000238984af181
Event: 6917.912 Thread 0x00000238ae892800 Exception <a 'java/lang/InterruptedException': sleep interrupted> (0x00000007bc5ed688) thrown at [C:\re\workspace\8-2-build-windows-amd64-cygwin\jdk8u112\7884\hotspot\src\share\vm\prims\jvm.cpp, line 3180]
Event: 7033.320 Thread 0x00000238ae893800 Exception <a 'java/lang/InterruptedException': sleep interrupted> (0x00000007bc6ac020) thrown at [C:\re\workspace\8-2-build-windows-amd64-cygwin\jdk8u112\7884\hotspot\src\share\vm\prims\jvm.cpp, line 3180]
Event: 7128.551 Thread 0x00000238af9d6000 Implicit null exception at 0x0000023896a333b3 to 0x0000023896a333d8
Event: 7137.268 Thread 0x00000238af9d6000 Implicit null exception at 0x00000238980b8c51 to 0x00000238980bbe99
Event: 7146.216 Thread 0x00000238afb0a800 Exception <a 'java/lang/InterruptedException': sleep interrupted> (0x00000007be1495a0) thrown at [C:\re\workspace\8-2-build-windows-amd64-cygwin\jdk8u112\7884\hotspot\src\share\vm\prims\jvm.cpp, line 3180]
Event: 7174.346 Thread 0x00000238af9d6000 Implicit null exception at 0x0000023898704d4b to 0x0000023898705999

Events (10 events):
Event: 7190.012 Executing VM operation: RevokeBias
Event: 7190.024 Executing VM operation: RevokeBias done
Event: 7190.024 Executing VM operation: RevokeBias
Event: 7190.025 Executing VM operation: RevokeBias done
Event: 7190.025 Executing VM operation: RevokeBias
Event: 7190.025 Executing VM operation: RevokeBias done
Event: 7190.025 Thread 0x00000238ae892800 Thread exited: 0x00000238ae892800
Event: 7190.028 Executing VM operation: RevokeBias
Event: 7190.028 Executing VM operation: RevokeBias done
Event: 7190.028 Thread 0x00000238ae89a800 Thread exited: 0x00000238ae89a800


Dynamic libraries:
0x00007ff7faf80000 - 0x00007ff7fafb0000 	C:\Xilinx\Vivado\2018.2\bin\unwrapped\win64.o\vivado.exe
0x00007ffe863e0000 - 0x00007ffe865d0000 	C:\WINDOWS\SYSTEM32\ntdll.dll
0x00007ffe85280000 - 0x00007ffe85332000 	C:\WINDOWS\System32\KERNEL32.DLL
0x00007ffe83be0000 - 0x00007ffe83e85000 	C:\WINDOWS\System32\KERNELBASE.dll
0x00007ffe84340000 - 0x00007ffe8443a000 	C:\WINDOWS\System32\ucrtbase.dll
0x00007ffe80de0000 - 0x00007ffe80e79000 	C:\WINDOWS\SYSTEM32\MSVCP140.dll
0x00007ffe810f0000 - 0x00007ffe81107000 	C:\WINDOWS\SYSTEM32\VCRUNTIME140.dll
0x00007ffe4a4a0000 - 0x00007ffe4b2b9000 	C:\Xilinx\Vivado\2018.2\lib\win64.o\librdi_common.dll
0x00007ffe7a1b0000 - 0x00007ffe7a1c4000 	C:\Xilinx\Vivado\2018.2\lib\win64.o\libboost_signals.dll
0x00007ffe76ac0000 - 0x00007ffe76ad4000 	C:\Xilinx\Vivado\2018.2\lib\win64.o\librdi_commonmain.dll
0x00007ffe86130000 - 0x00007ffe862c5000 	C:\WINDOWS\System32\USER32.dll
0x00007ffe84310000 - 0x00007ffe84331000 	C:\WINDOWS\System32\win32u.dll
0x00007ffe845b0000 - 0x00007ffe845d6000 	C:\WINDOWS\System32\GDI32.dll
0x00007ffe83fa0000 - 0x00007ffe84136000 	C:\WINDOWS\System32\gdi32full.dll
0x00007ffe83370000 - 0x00007ffe8340e000 	C:\WINDOWS\System32\msvcp_win.dll
0x00007ffe847b0000 - 0x00007ffe84853000 	C:\WINDOWS\System32\ADVAPI32.dll
0x00007ffe85000000 - 0x00007ffe8509e000 	C:\WINDOWS\System32\msvcrt.dll
0x00007ffe85440000 - 0x00007ffe854d7000 	C:\WINDOWS\System32\sechost.dll
0x00007ffe84490000 - 0x00007ffe845b0000 	C:\WINDOWS\System32\RPCRT4.dll
0x00007ffe859b0000 - 0x00007ffe86097000 	C:\WINDOWS\System32\SHELL32.dll
0x00007ffe84440000 - 0x00007ffe8448a000 	C:\WINDOWS\System32\cfgmgr32.dll
0x00007ffe84690000 - 0x00007ffe84739000 	C:\WINDOWS\System32\shcore.dll
0x00007ffe756f0000 - 0x00007ffe75716000 	C:\Xilinx\Vivado\2018.2\lib\win64.o\libboost_filesystem.dll
0x00007ffe4c1e0000 - 0x00007ffe4c495000 	C:\Xilinx\Vivado\2018.2\lib\win64.o\libXil_lmgr11.dll
0x00007ffe84b00000 - 0x00007ffe84e35000 	C:\WINDOWS\System32\combase.dll
0x00007ffe85340000 - 0x00007ffe85410000 	C:\WINDOWS\System32\COMDLG32.dll
0x00007ffe4bab0000 - 0x00007ffe4be1e000 	C:\Xilinx\Vivado\2018.2\lib\win64.o\libCOIN-all.dll
0x00007ffe854e0000 - 0x00007ffe85532000 	C:\WINDOWS\System32\SHLWAPI.dll
0x00007ffe84290000 - 0x00007ffe84310000 	C:\WINDOWS\System32\bcryptPrimitives.dll
0x00007ffe83440000 - 0x00007ffe83bc0000 	C:\WINDOWS\System32\windows.storage.dll
0x00007ffe83320000 - 0x00007ffe83343000 	C:\WINDOWS\System32\profapi.dll
0x00007ffe832b0000 - 0x00007ffe832fa000 	C:\WINDOWS\System32\powrprof.dll
0x00007ffe832a0000 - 0x00007ffe832b0000 	C:\WINDOWS\System32\UMPDC.dll
0x00007ffe862d0000 - 0x00007ffe86395000 	C:\WINDOWS\System32\OLEAUT32.dll
0x00007ffe83300000 - 0x00007ffe83311000 	C:\WINDOWS\System32\kernel.appcore.dll
0x00007ffe850a0000 - 0x00007ffe851f7000 	C:\WINDOWS\System32\ole32.dll
0x00007ffe83bc0000 - 0x00007ffe83bd7000 	C:\WINDOWS\System32\cryptsp.dll
0x00007ffe84740000 - 0x00007ffe847af000 	C:\WINDOWS\System32\WS2_32.dll
0x00007ffe76bd0000 - 0x00007ffe76bda000 	C:\Xilinx\Vivado\2018.2\lib\win64.o\librdi_commonversion.dll
0x00007ffe83e90000 - 0x00007ffe83eec000 	C:\WINDOWS\System32\WINTRUST.dll
0x00007ffe83350000 - 0x00007ffe83362000 	C:\WINDOWS\System32\MSASN1.dll
0x00007ffe75720000 - 0x00007ffe75734000 	C:\Xilinx\Vivado\2018.2\lib\win64.o\libboost_date_time.dll
0x00007ffe84140000 - 0x00007ffe84289000 	C:\WINDOWS\System32\CRYPT32.dll
0x00007ffe540d0000 - 0x00007ffe541f1000 	C:\Xilinx\Vivado\2018.2\lib\win64.o\librdi_commonxillic.dll
0x0000000050070000 - 0x000000005019b000 	C:\Xilinx\Vivado\2018.2\lib\win64.o\tcl85t.dll
0x00007ffe6d8d0000 - 0x00007ffe6d94f000 	C:\Xilinx\Vivado\2018.2\lib\win64.o\libboost_program_options.dll
0x00007ffe542c0000 - 0x00007ffe543d4000 	C:\Xilinx\Vivado\2018.2\lib\win64.o\libboost_regex.dll
0x00007ffe75460000 - 0x00007ffe75481000 	C:\Xilinx\Vivado\2018.2\lib\win64.o\libboost_thread.dll
0x00007ffe7ed60000 - 0x00007ffe7ed6b000 	C:\Xilinx\Vivado\2018.2\lib\win64.o\libboost_system.dll
0x00007ffe7c200000 - 0x00007ffe7c20f000 	C:\Xilinx\Vivado\2018.2\lib\win64.o\libboost_xilinx.dll
0x00007ffe63560000 - 0x00007ffe635e2000 	C:\Xilinx\Vivado\2018.2\lib\win64.o\libhdlpsolve.dll
0x00007ffe5ca50000 - 0x00007ffe5caf5000 	C:\Xilinx\Vivado\2018.2\lib\win64.o\libhdxml.dll
0x00007ffe6e1f0000 - 0x00007ffe6e21e000 	C:\Xilinx\Vivado\2018.2\lib\win64.o\libisl_sysinfo.dll
0x00007ffe411a0000 - 0x00007ffe41a53c00 	C:\Xilinx\Vivado\2018.2\lib\win64.o\libisl_iostreams.dll
0x0000000076c00000 - 0x000000007749a000 	C:\Xilinx\Vivado\2018.2\tps\win64\jre\bin\server\jvm.dll
0x00007ffe5d7a0000 - 0x00007ffe5d805000 	C:\Xilinx\Vivado\2018.2\lib\win64.o\liblmx6.0.dll
0x00007ffe6e780000 - 0x00007ffe6e79a000 	C:\Xilinx\Vivado\2018.2\lib\win64.o\pthreadVC2.dll
0x00007ffe86120000 - 0x00007ffe86128000 	C:\WINDOWS\System32\PSAPI.DLL
0x00007ffe52640000 - 0x00007ffe52791000 	C:\Xilinx\Vivado\2018.2\lib\win64.o\librdi_curl.dll
0x00007ffe6d7c0000 - 0x00007ffe6d7dc000 	C:\Xilinx\Vivado\2018.2\lib\win64.o\librdiconfig.dll
0x00007ffe6bf20000 - 0x00007ffe6bf41000 	C:\Xilinx\Vivado\2018.2\lib\win64.o\librdizlib.dll
0x00007ffe6b4b0000 - 0x00007ffe6b985000 	C:\WINDOWS\SYSTEM32\WININET.dll
0x00007ffe7b190000 - 0x00007ffe7b280000 	C:\WINDOWS\SYSTEM32\WINHTTP.dll
0x00007ffe79de0000 - 0x00007ffe79fb6000 	C:\WINDOWS\SYSTEM32\urlmon.dll
0x0000000012000000 - 0x0000000012272000 	C:\Xilinx\Vivado\2018.2\lib\win64.o\xerces-c_3_1.dll
0x00007ffe75ca0000 - 0x00007ffe75cb7000 	C:\WINDOWS\SYSTEM32\NETAPI32.dll
0x00007ffe7b3b0000 - 0x00007ffe7b459000 	C:\WINDOWS\WinSxS\amd64_microsoft.windows.common-controls_6595b64144ccf1df_5.82.18362.1082_none_73b2803ad816b43c\COMCTL32.dll
0x00007ffe76ab0000 - 0x00007ffe76ab9000 	C:\WINDOWS\SYSTEM32\WSOCK32.dll
0x00007ffe68c10000 - 0x00007ffe68c38000 	C:\WINDOWS\SYSTEM32\VCOMP140.DLL
0x00007ffe7c230000 - 0x00007ffe7c24c000 	C:\WINDOWS\SYSTEM32\dhcpcsvc.DLL
0x00007ffe85410000 - 0x00007ffe85418000 	C:\WINDOWS\System32\NSI.dll
0x00007ffe40300000 - 0x00007ffe41191000 	C:\Xilinx\Vivado\2018.2\lib\win64.o\gurobi65.dll
0x00007ffe79b30000 - 0x00007ffe79b3d000 	C:\Xilinx\Vivado\2018.2\lib\win64.o\libboost_chrono.dll
0x00007ffe65d40000 - 0x00007ffe65d65000 	C:\Xilinx\Vivado\2018.2\lib\win64.o\libisl_iosutils.dll
0x00007ffe6bf00000 - 0x00007ffe6bf1b000 	C:\Xilinx\Vivado\2018.2\lib\win64.o\libboost_iostreams.dll
0x00007ffe7a4e0000 - 0x00007ffe7a504000 	C:\WINDOWS\SYSTEM32\WINMM.dll
0x00007ffe7b2e0000 - 0x00007ffe7b2ea000 	C:\WINDOWS\SYSTEM32\VERSION.dll
0x0000000077c00000 - 0x0000000077cd2000 	C:\WINDOWS\SYSTEM32\MSVCR100.dll
0x00007ffe778a0000 - 0x00007ffe77b46000 	C:\WINDOWS\SYSTEM32\iertutil.dll
0x00007ffe7a220000 - 0x00007ffe7a24d000 	C:\WINDOWS\SYSTEM32\winmmbase.dll
0x00007ffe82c60000 - 0x00007ffe82c6c000 	C:\WINDOWS\SYSTEM32\CRYPTBASE.DLL
0x00007ffe84860000 - 0x00007ffe8488e000 	C:\WINDOWS\System32\IMM32.DLL
0x00007ffe3fe70000 - 0x00007ffe402fc000 	C:\Xilinx\Vivado\2018.2\lib\win64.o\librdi_commontasks.dll
0x00007ffe43350000 - 0x00007ffe435c7000 	C:\Xilinx\Vivado\2018.2\lib\win64.o\librdi_sio.dll
0x00007ffe827a0000 - 0x00007ffe827da000 	C:\WINDOWS\SYSTEM32\IPHLPAPI.DLL
0x00007ffe28fa0000 - 0x00007ffe2b19f000 	C:\Xilinx\Vivado\2018.2\lib\win64.o\librdi_tcltasks.dll
0x00007ffe587f0000 - 0x00007ffe58bc5000 	C:\Xilinx\Vivado\2018.2\lib\win64.o\librdi_bitstream.dll
0x00007ffe55950000 - 0x00007ffe559ba000 	C:\Xilinx\Vivado\2018.2\lib\win64.o\librdi_boarddep.dll
0x00007ffe538f0000 - 0x00007ffe53b37000 	C:\Xilinx\Vivado\2018.2\lib\win64.o\librdi_chipscope.dll
0x00007ffe545e0000 - 0x00007ffe5475e000 	C:\Xilinx\Vivado\2018.2\lib\win64.o\librdi_board.dll
0x00007ffe52be0000 - 0x00007ffe52d08000 	C:\Xilinx\Vivado\2018.2\lib\win64.o\librdi_containers.dll
0x00007ffe3f1e0000 - 0x00007ffe3f8b9000 	C:\Xilinx\Vivado\2018.2\lib\win64.o\librdi_coregenipxact.dll
0x00007ffe2ea60000 - 0x00007ffe302b9000 	C:\Xilinx\Vivado\2018.2\lib\win64.o\librdi_constraints.dll
0x00007ffe22ad0000 - 0x00007ffe26832000 	C:\Xilinx\Vivado\2018.2\lib\win64.o\librdi_designutils.dll
0x00007ffe26840000 - 0x00007ffe28551000 	C:\Xilinx\Vivado\2018.2\lib\win64.o\librdi_coregen.dll
0x00007ffe3eec0000 - 0x00007ffe3f1d8000 	C:\Xilinx\Vivado\2018.2\lib\win64.o\librdi_dlyest.dll
0x00007ffe55550000 - 0x00007ffe55612000 	C:\Xilinx\Vivado\2018.2\lib\win64.o\librdi_dsp.dll
0x00007ffe3e970000 - 0x00007ffe3eeb1000 	C:\Xilinx\Vivado\2018.2\lib\win64.o\librdi_drc.dll
0x00007ffe3d000000 - 0x00007ffe3d631000 	C:\Xilinx\Vivado\2018.2\lib\win64.o\librdi_filemgmt.dll
0x00007ffe142d0000 - 0x00007ffe22ac8000 	C:\Xilinx\Vivado\2018.2\lib\win64.o\librdi_device.dll
0x00007ffe3cd20000 - 0x00007ffe3cff1000 	C:\Xilinx\Vivado\2018.2\lib\win64.o\librdi_guitools.dll
0x00007ffe5a540000 - 0x00007ffe5a598000 	C:\Xilinx\Vivado\2018.2\lib\win64.o\librdi_hdf.dll
0x00007ffe38aa0000 - 0x00007ffe390f1000 	C:\Xilinx\Vivado\2018.2\lib\win64.o\librdi_memdata.dll
0x00007ffe37040000 - 0x00007ffe38274000 	C:\Xilinx\Vivado\2018.2\lib\win64.o\librdi_implflow.dll
0x00007ffe3c870000 - 0x00007ffe3cd12000 	C:\Xilinx\Vivado\2018.2\lib\win64.o\librdi_netlist.dll
0x00007ffe58410000 - 0x00007ffe58459000 	C:\Xilinx\Vivado\2018.2\lib\win64.o\librdi_pfi.dll
0x00007ffe4bf50000 - 0x00007ffe4c1da000 	C:\Xilinx\Vivado\2018.2\lib\win64.o\librdi_platform.dll
0x00007ffe354f0000 - 0x00007ffe35bdc000 	C:\Xilinx\Vivado\2018.2\lib\win64.o\librdi_power.dll
0x00007ffe39e10000 - 0x00007ffe3a34d000 	C:\Xilinx\Vivado\2018.2\lib\win64.o\librdi_project.dll
0x00007ffe0e720000 - 0x00007ffe10abe000 	C:\Xilinx\Vivado\2018.2\lib\win64.o\librdi_place.dll
0x00007ffe2e370000 - 0x00007ffe2ea51000 	C:\Xilinx\Vivado\2018.2\lib\win64.o\librdi_psta.dll
0x00007ffe28960000 - 0x00007ffe28f9e000 	C:\Xilinx\Vivado\2018.2\lib\win64.o\librdi_rsb.dll
0x00007ffe3c200000 - 0x00007ffe3c5c3000 	C:\Xilinx\Vivado\2018.2\lib\win64.o\librdi_runs.dll
0x00007ffe549b0000 - 0x00007ffe54a87000 	C:\Xilinx\Vivado\2018.2\lib\win64.o\librdi_runsbase.dll
0x00007ffe3be80000 - 0x00007ffe3c0a6000 	C:\Xilinx\Vivado\2018.2\lib\win64.o\librdi_simdata.dll
0x00007ffe52b10000 - 0x00007ffe52bdb000 	C:\Xilinx\Vivado\2018.2\lib\win64.o\librdi_xhub.dll
0x00007ffe10ac0000 - 0x00007ffe142ca000 	C:\Xilinx\Vivado\2018.2\lib\win64.o\librdi_mig.dll
0x00007ffe0da00000 - 0x00007ffe0e71d000 	C:\Xilinx\Vivado\2018.2\lib\win64.o\librdi_timing.dll
0x00007ffe5cf30000 - 0x00007ffe5cf7c000 	C:\Xilinx\Vivado\2018.2\lib\win64.o\libboost_serialization.dll
0x00007ffe54530000 - 0x00007ffe545df000 	C:\Xilinx\Vivado\2018.2\lib\win64.o\librdi_hip_devdesign.dll
0x00007ffe54250000 - 0x00007ffe542b6000 	C:\Xilinx\Vivado\2018.2\lib\win64.o\librdi_ipconfig_readwrite.dll
0x00007ffe5d630000 - 0x00007ffe5d668000 	C:\Xilinx\Vivado\2018.2\lib\win64.o\librdi_noc_frameworks.dll
0x00007ffe537c0000 - 0x00007ffe53848000 	C:\Xilinx\Vivado\2018.2\lib\win64.o\librdi_hip_config.dll
0x00007ffe36af0000 - 0x00007ffe3703e000 	C:\Xilinx\Vivado\2018.2\lib\win64.o\librdi_xdm.dll
0x00007ffe0c270000 - 0x00007ffe0cd63000 	C:\Xilinx\Vivado\2018.2\lib\win64.o\libverific.dll
0x00007ffe525a0000 - 0x00007ffe5263e000 	C:\Xilinx\Vivado\2018.2\lib\win64.o\libise.dll
0x00007ffe54080000 - 0x00007ffe540c9000 	C:\Xilinx\Vivado\2018.2\lib\win64.o\librdi_wavedata_SimpleApi.dll
0x00007ffe0d450000 - 0x00007ffe0d9f1000 	C:\Xilinx\Vivado\2018.2\lib\win64.o\librdi_wavedata.dll

VM Arguments:
jvm_args: -Dsun.java2d.pmoffscreen=false -Dsun.java2d.xrender=false -Dsun.java2d.d3d=false -Dsun.awt.nopixfmt=true -Xverify:none -Dswing.aatext=true -XX:-UsePerfData -Djdk.map.althashing.threshold=512 -XX:StringTableSize=4072 -XX:NewSize=60m -XX:MaxNewSize=60m -Xms128m -Xmx3072m -Xss5m 
java_command: <unknown>
java_class_path (initial): C:/Xilinx/Vivado/2018.2\lib\classes\alloy.jar;C:/Xilinx/Vivado/2018.2\lib\classes\autopilot.scelaborator.jar;C:/Xilinx/Vivado/2018.2\lib\classes\autopilot.sourceprocessor.jar;C:/Xilinx/Vivado/2018.2\lib\classes\autopilot.tbprocessor.jar;C:/Xilinx/Vivado/2018.2\lib\classes\batik-anim.jar;C:/Xilinx/Vivado/2018.2\lib\classes\batik-awt-util.jar;C:/Xilinx/Vivado/2018.2\lib\classes\batik-bridge.jar;C:/Xilinx/Vivado/2018.2\lib\classes\batik-codec.jar;C:/Xilinx/Vivado/2018.2\lib\classes\batik-css.jar;C:/Xilinx/Vivado/2018.2\lib\classes\batik-dom.jar;C:/Xilinx/Vivado/2018.2\lib\classes\batik-ext.jar;C:/Xilinx/Vivado/2018.2\lib\classes\batik-gui-util.jar;C:/Xilinx/Vivado/2018.2\lib\classes\batik-gvt.jar;C:/Xilinx/Vivado/2018.2\lib\classes\batik-parser.jar;C:/Xilinx/Vivado/2018.2\lib\classes\batik-script.jar;C:/Xilinx/Vivado/2018.2\lib\classes\batik-svg-dom.jar;C:/Xilinx/Vivado/2018.2\lib\classes\batik-swing.jar;C:/Xilinx/Vivado/2018.2\lib\classes\batik-transcoder.jar;C:/Xilinx/Vivado/2018.2\lib\classes\batik-util.jar;C:/Xilinx/Vivado/2018.2\lib\classes\batik-xml.jar;C:/Xilinx/Vivado/2018.2\lib\classes\com.ibm.icu_4.4.2.v20110208.jar;C:/Xilinx/Vivado/2018.2\lib\classes\commons-collections4-4.1.jar;C:/Xilinx/Vivado/2018.2\lib\classes\commons-math-2.2.jar;C:/Xilinx/Vivado/2018.2\lib\classes\dom4j-1.6.1.jar;C:/Xilinx/Vivado/2018.2\lib\classes\guava-18.0.jar;C:/Xilinx/Vivado/2018.2\lib\classes\help.jar;C:/Xilinx/Vivado/2018.2\lib\classes\hsqldb.jar;C:/Xilinx/Vivado/2018.2\lib\classes\jargs.jar;C:/Xilinx/Vivado/2018.2\lib\classes\jh.jar;C:/Xilinx/Vivado/2018.2\lib\classes\jide-action.jar;C:/Xilinx/Vivado/2018.2\lib\classes\jide-charts.jar;C:/Xilinx/Vivado/2018.2\lib\classes\jide-common.jar;C:/Xilinx/Vivado/2018.2\lib\classes\jide-components.jar;C:/Xilinx/Vivado/2018.2\lib\classes\jide-dashboard.jar;C:/Xilinx/Vivado/2018.2\lib\classes\jide-data.jar;C:/Xilinx/Vivado/2018.2\lib\classes\jide-dialogs.jar;C:/Xilinx/Vivado/2018.2\lib\classes\jide-diff.jar;C:/X
Launcher Type: generic

Environment Variables:
PATH=C:/Xilinx/Vivado/2018.2/bin;C:/Xilinx/Vivado/2018.2/lib/win64.o;C:/Xilinx/Vivado/2018.2/tps/win64/jre/bin/server;C:/Xilinx/Vivado/2018.2/tps/win64/jre/bin;C:/Xilinx/SDK/2018.2/bin;C:/Xilinx/Vivado/2018.2/ids_lite/ISE/bin/nt64;C:/Xilinx/Vivado/2018.2/ids_lite/ISE/lib/nt64;C:\Program Files (x86)\Common Files\Oracle\Java\javapath;C:\WINDOWS\system32;C:\WINDOWS;C:\WINDOWS\System32\Wbem;C:\WINDOWS\System32\WindowsPowerShell\v1.0\;C:\WINDOWS\System32\OpenSSH\;C:\Users\kugas\AppData\Local\Programs\Python\Python37;C:\Users\kugas\AppData\Local\Programs\Python\Python37\Scripts;C:\Python27;C:\Program Files\MATLAB\R2019a\bin;C:\Program Files\Git\cmd;C:\Program Files\PuTTY\;C:\Users\kugas\AppData\Local\Microsoft\WindowsApps;C:\Users\kugas\AppData\Local\Pandoc\;C:\Modeltech_pe_edu_10.4a\win32pe_edu;C:/Xilinx/Vivado/2018.2\tps\mingw\6.2.0\win64.o\nt\bin;C:/Xilinx/Vivado/2018.2\tps\mingw\6.2.0\win64.o\nt\libexec\gcc\x86_64-w64-mingw32\6.2.0
USERNAME=kugas
OS=Windows_NT
PROCESSOR_IDENTIFIER=Intel64 Family 6 Model 142 Stepping 9, GenuineIntel



---------------  S Y S T E M  ---------------

OS: Windows 10.0 , 64 bit Build 18362 (10.0.18362.1082)

CPU:total 4 (2 cores per cpu, 2 threads per core) family 6 model 142 stepping 9, cmov, cx8, fxsr, mmx, sse, sse2, sse3, ssse3, sse4.1, sse4.2, popcnt, avx, avx2, aes, clmul, erms, 3dnowpref, lzcnt, ht, tsc, tscinvbit, bmi1, bmi2, adx

Memory: 4k page, physical 8254856k(1192304k free), swap 8254856k(634936k free)

vm_info: Java HotSpot(TM) 64-Bit Server VM (25.112-b15) for windows-amd64 JRE (1.8.0_112-b15), built on Sep 22 2016 21:31:56 by "java_re" with MS VC++ 10.0 (VS2010)

time: Sat Oct 03 02:01:43 2020
elapsed time: 7190 seconds (0d 1h 59m 50s)

