#-----------------------------------------------------------
# Vivado v2018.2 (64-bit)
# SW Build 2258646 on Thu Jun 14 20:03:12 MDT 2018
# IP Build 2256618 on Thu Jun 14 22:10:49 MDT 2018
# Start of session at: Sun Oct  4 00:22:24 2020
# Process ID: 16540
# Current directory: F:/Spider/VLSIProjRISCV/MyVivadoFiles/RV32IM
# Command line: vivado.exe -gui_launcher_event rodinguilauncherevent12544 F:\Spider\VLSIProjRISCV\MyVivadoFiles\RV32IM\RV32IM.xpr
# Log file: F:/Spider/VLSIProjRISCV/MyVivadoFiles/RV32IM/vivado.log
# Journal file: F:/Spider/VLSIProjRISCV/MyVivadoFiles/RV32IM\vivado.jou
#-----------------------------------------------------------
start_gui
open_project F:/Spider/VLSIProjRISCV/MyVivadoFiles/RV32IM/RV32IM.xpr
Scanning sources...
Finished scanning sources
INFO: [IP_Flow 19-234] Refreshing IP repositories
INFO: [IP_Flow 19-1704] No user IP repositories specified
INFO: [IP_Flow 19-2313] Loaded Vivado IP repository 'C:/Xilinx/Vivado/2018.2/data/ip'.
open_project: Time (s): cpu = 00:00:16 ; elapsed = 00:00:10 . Memory (MB): peak = 779.188 ; gain = 127.945
update_compile_order -fileset sources_1
exit
INFO: [Common 17-206] Exiting Vivado at Sun Oct  4 00:23:05 2020...
