#-----------------------------------------------------------
# Vivado v2018.2 (64-bit)
# SW Build 2258646 on Thu Jun 14 20:03:12 MDT 2018
# IP Build 2256618 on Thu Jun 14 22:10:49 MDT 2018
# Start of session at: Mon Oct  5 13:04:25 2020
# Process ID: 10704
# Current directory: F:/Spider/VLSIProjRISCV/Git/VLSI/RV32IM
# Command line: vivado.exe -gui_launcher_event rodinguilauncherevent12592 F:\Spider\VLSIProjRISCV\Git\VLSI\RV32IM\RV32IM.xpr
# Log file: F:/Spider/VLSIProjRISCV/Git/VLSI/RV32IM/vivado.log
# Journal file: F:/Spider/VLSIProjRISCV/Git/VLSI/RV32IM\vivado.jou
#-----------------------------------------------------------start_gui
oopen_project F:/Spider/VLSIProjRISCV/Git/VLSI/RV32IM/RV32IM.xprScanning sources...
FFinished scanning sourcesIINFO: [IP_Flow 19-234] Refreshing IP repositories
INFO: [IP_Flow 19-1704] No user IP repositories specifiedINFO: [IP_Flow 19-2313] Loaded Vivado IP repository 'C:/Xilinx/VivINFO: [IP_Flow 19-231open_project: Time (s): cpu = 00:00:21 ; elapsed = 00:00:53 . Memory (MB): peak = 799.934 ; gain = 77.270
launch_simulation
INFO: [Vivado 12-5682] Launching behavioral simulation in 'F:/Spider/VLSIProjRISCV/Git/VLSI/RV32IM/RV32IM.sim/sim_1/behav/xsim'
INFO: [SIM-utils-51] Simulation object is 'sim_1'
INFO: [SIM-utils-54] Inspecting design source files for 'ALU_TestBench' in fileset 'sim_1'...
INFO: [USF-XSim-97] Finding global include files...
INFO: [USF-XSim-101] Fetching design files from 'sim_1'...
INFO: [USF-XSim-2] XSim::Compile design
INFO: [USF-XSim-61] Executing 'COMPILE and ANALYZE' step in 'F:/Spider/VLSIProjRISCV/Git/VLSI/RV32IM/RV32IM.sim/sim_1/behav/xsim'
"xvlog --incr --relax -prj ALU_TestBench_vlog.prj"
run_program: Time (s): cpu = 00:00:00 ; elapsed = 00:00:08 . Memory (MB): peak = 833.547 ; gain = 0.480
INFO: [USF-XSim-69] 'compile' step finished in '8' seconds
INFO: [USF-XSim-3] XSim::Elaborate design
INFO: [USF-XSim-61] Executing 'ELABORATE' step in 'F:/Spider/VLSIProjRISCV/Git/VLSI/RV32IM/RV32IM.sim/sim_1/behav/xsim'
Vivado Simulator 2018.2
Copyright 1986-1999, 2001-2018 Xilinx, Inc. All Rights Reserved.
Running: C:/Xilinx/Vivado/2018.2/bin/unwrapped/win64.o/xelab.exe -wto 1cb9c0df8f744d18924e0f0f44387a95 --incr --debug typical --relax --mt 2 -L xil_defaultlib -L unisims_ver -L unimacro_ver -L secureip --snapshot ALU_TestBench_behav xil_defaultlib.ALU_TestBench xil_defaultlib.glbl -log elaborate.log 
Using 2 slave threads.
Starting static elaboration
Completed static elaboration
INFO: [XSIM 43-4323] No Change in HDL. Linking previously generated obj files to create kernel
run_program: Time (s): cpu = 00:00:01 ; elapsed = 00:00:06 . Memory (MB): peak = 833.547 ; gain = 0.000
INFO: [USF-XSim-69] 'elaborate' step finished in '6' seconds
INFO: [USF-XSim-4] XSim::Simulate design
INFO: [USF-XSim-61] Executing 'SIMULATE' step in 'F:/Spider/VLSIProjRISCV/Git/VLSI/RV32IM/RV32IM.sim/sim_1/behav/xsim'
INFO: [USF-XSim-98] *** Running xsim
   with args "ALU_TestBench_behav -key {Behavioral:sim_1:Functional:ALU_TestBench} -tclbatch {ALU_TestBench.tcl} -log {simulate.log}"
INFO: [USF-XSim-8] Loading simulator feature
Vivado Simulator 2018.2
Time resolution is 1 ps
source ALU_TestBench.tcl
# set curr_wave [current_wave_config]
# if { [string length $curr_wave] == 0 } {
#   if { [llength [get_objects]] > 0} {
#     add_wave /
#     set_property needs_save false [current_wave_config]
#   } else {
#      send_msg_id Add_Wave-1 WARNING "No top level signals found. Simulator will start without a wave window. If you want to open a wave window go to 'File->New Waveform Configuration' or type 'create_wave_config' in the TCL console."
#   }
# }
# run 1000ns
xsim: Time (s): cpu = 00:00:06 ; elapsed = 00:00:06 . Memory (MB): peak = 849.840 ; gain = 16.184
INFO: [USF-XSim-96] XSim completed. Design snapshot 'ALU_TestBench_behav' loaded.
INFO: [USF-XSim-97] XSim simulation ran for 1000ns
launch_simulation: Time (s): cpu = 00:00:10 ; elapsed = 00:00:24 . Memory (MB): peak = 849.840 ; gain = 21.250
close_sim
INFO: [Simtcl 6-16] Simulation closed
close_sim: Time (s): cpu = 00:00:02 ; elapsed = 00:00:07 . Memory (MB): peak = 859.719 ; gain = 0.000
exit
INFO: [Common 17-206] Exiting Vivado at Mon Oct  5 14:29:26 2020...
