#-----------------------------------------------------------
# Vivado v2018.2 (64-bit)
# SW Build 2258646 on Thu Jun 14 20:03:12 MDT 2018
# IP Build 2256618 on Thu Jun 14 22:10:49 MDT 2018
# Start of session at: Sat Oct  3 16:31:35 2020
# Process ID: 1648
# Current directory: F:/Spider/VLSIProjRISCV/Git/VLSI/RV32IM
# Command line: vivado.exe -gui_launcher_event rodinguilauncherevent16992 F:\Spider\VLSIProjRISCV\Git\VLSI\RV32IM\RV32IM.xpr
# Log file: F:/Spider/VLSIProjRISCV/Git/VLSI/RV32IM/vivado.log
# Journal file: F:/Spider/VLSIProjRISCV/Git/VLSI/RV32IM\vivado.jou
#-----------------------------------------------------------
start_gui
open_project F:/Spider/VLSIProjRISCV/Git/VLSI/RV32IM/RV32IM.xpr
Scanning sources...
Finished scanning sources
INFO: [IP_Flow 19-234] Refreshing IP repositories
INFO: [IP_Flow 19-1704] No user IP repositories specified
INFO: [IP_Flow 19-2313] Loaded Vivado IP repository 'C:/Xilinx/Vivado/2018.2/data/ip'.
open_project: Time (s): cpu = 00:00:16 ; elapsed = 00:00:09 . Memory (MB): peak = 858.988 ; gain = 156.621
add_files -norecurse F:/Spider/VLSIProjRISCV/Git/VLSI/RV32IM/RV32IM.srcs/sources_1/new/defines.v
set_property is_global_include true [get_files  F:/Spider/VLSIProjRISCV/Git/VLSI/RV32IM/RV32IM.srcs/sources_1/new/ALU_module.v]
set_property is_global_include false [get_files  F:/Spider/VLSIProjRISCV/Git/VLSI/RV32IM/RV32IM.srcs/sources_1/new/ALU_module.v]
set_property is_global_include true [get_files  F:/Spider/VLSIProjRISCV/Git/VLSI/RV32IM/RV32IM.srcs/sources_1/new/defines.v]
set_property is_global_include false [get_files  F:/Spider/VLSIProjRISCV/Git/VLSI/RV32IM/RV32IM.srcs/sources_1/new/defines.v]
export_ip_user_files -of_objects  [get_files F:/Spider/VLSIProjRISCV/Git/VLSI/RV32IM/RV32IM.srcs/sources_1/new/defines.v] -no_script -reset -force -quiet
remove_files  F:/Spider/VLSIProjRISCV/Git/VLSI/RV32IM/RV32IM.srcs/sources_1/new/defines.v
add_files -norecurse F:/Spider/VLSIProjRISCV/Git/VLSI/RV32IM/RV32IM.srcs/sources_1/new/defines.v
set_property is_global_include true [get_files  F:/Spider/VLSIProjRISCV/Git/VLSI/RV32IM/RV32IM.srcs/sources_1/new/defines.v]
set_property is_global_include false [get_files  F:/Spider/VLSIProjRISCV/Git/VLSI/RV32IM/RV32IM.srcs/sources_1/new/defines.v]
launch_simulation
INFO: [Vivado 12-5682] Launching behavioral simulation in 'F:/Spider/VLSIProjRISCV/Git/VLSI/RV32IM/RV32IM.sim/sim_1/behav/xsim'
INFO: [SIM-utils-51] Simulation object is 'sim_1'
INFO: [SIM-utils-54] Inspecting design source files for 'ALU_TestBench' in fileset 'sim_1'...
INFO: [USF-XSim-97] Finding global include files...
INFO: [USF-XSim-100] Fetching design files from 'sources_1'...(this may take a while)...
INFO: [USF-XSim-101] Fetching design files from 'sim_1'...
INFO: [USF-XSim-2] XSim::Compile design
INFO: [USF-XSim-61] Executing 'COMPILE and ANALYZE' step in 'F:/Spider/VLSIProjRISCV/Git/VLSI/RV32IM/RV32IM.sim/sim_1/behav/xsim'
"xvlog --incr --relax -prj ALU_TestBench_vlog.prj"
INFO: [VRFC 10-2263] Analyzing Verilog file "F:/Spider/VLSIProjRISCV/Git/VLSI/RV32IM/RV32IM.srcs/sources_1/new/defines.v" into library xil_defaultlib
INFO: [VRFC 10-2263] Analyzing Verilog file "F:/Spider/VLSIProjRISCV/Git/VLSI/RV32IM/RV32IM.srcs/sources_1/new/ALU_module.v" into library xil_defaultlib
INFO: [VRFC 10-311] analyzing module ALU_Module
INFO: [VRFC 10-2263] Analyzing Verilog file "F:/Spider/VLSIProjRISCV/Git/VLSI/RV32IM/RV32IM.srcs/sim_1/new/ALU_TestBench.v" into library xil_defaultlib
INFO: [VRFC 10-311] analyzing module ALU_TestBench
run_program: Time (s): cpu = 00:00:00 ; elapsed = 00:00:07 . Memory (MB): peak = 900.008 ; gain = 0.000
INFO: [USF-XSim-69] 'compile' step finished in '7' seconds
INFO: [USF-XSim-3] XSim::Elaborate design
INFO: [USF-XSim-61] Executing 'ELABORATE' step in 'F:/Spider/VLSIProjRISCV/Git/VLSI/RV32IM/RV32IM.sim/sim_1/behav/xsim'
Vivado Simulator 2018.2
Copyright 1986-1999, 2001-2018 Xilinx, Inc. All Rights Reserved.
Running: C:/Xilinx/Vivado/2018.2/bin/unwrapped/win64.o/xelab.exe -wto 301024b189554e7993e55fcad0741d65 --incr --debug typical --relax --mt 2 -L xil_defaultlib -L unisims_ver -L unimacro_ver -L secureip --snapshot ALU_TestBench_behav xil_defaultlib.ALU_TestBench xil_defaultlib.glbl -log elaborate.log 
Using 2 slave threads.
Starting static elaboration
WARNING: [VRFC 10-278] actual bit length 4 differs from formal bit length 5 for port AluSel [F:/Spider/VLSIProjRISCV/Git/VLSI/RV32IM/RV32IM.srcs/sim_1/new/ALU_TestBench.v:20]
Completed static elaboration
Starting simulation data flow analysis
Completed simulation data flow analysis
Time Resolution for simulation is 1ps
Compiling module xil_defaultlib.ALU_Module
Compiling module xil_defaultlib.ALU_TestBench
Compiling module xil_defaultlib.glbl
Built simulation snapshot ALU_TestBench_behav
run_program: Time (s): cpu = 00:00:01 ; elapsed = 00:00:11 . Memory (MB): peak = 900.008 ; gain = 0.000
INFO: [USF-XSim-69] 'elaborate' step finished in '11' seconds
INFO: [USF-XSim-4] XSim::Simulate design
INFO: [USF-XSim-61] Executing 'SIMULATE' step in 'F:/Spider/VLSIProjRISCV/Git/VLSI/RV32IM/RV32IM.sim/sim_1/behav/xsim'
INFO: [USF-XSim-98] *** Running xsim
   with args "ALU_TestBench_behav -key {Behavioral:sim_1:Functional:ALU_TestBench} -tclbatch {ALU_TestBench.tcl} -log {simulate.log}"
INFO: [USF-XSim-8] Loading simulator feature
Vivado Simulator 2018.2
Time resolution is 1 ps
source ALU_TestBench.tcl
# set curr_wave [current_wave_config]
# if { [string length $curr_wave] == 0 } {
#   if { [llength [get_objects]] > 0} {
#     add_wave /
#     set_property needs_save false [current_wave_config]
#   } else {
#      send_msg_id Add_Wave-1 WARNING "No top level signals found. Simulator will start without a wave window. If you want to open a wave window go to 'File->New Waveform Configuration' or type 'create_wave_config' in the TCL console."
#   }
# }
# run 1000ns
xsim: Time (s): cpu = 00:00:07 ; elapsed = 00:00:06 . Memory (MB): peak = 922.066 ; gain = 18.691
INFO: [USF-XSim-96] XSim completed. Design snapshot 'ALU_TestBench_behav' loaded.
INFO: [USF-XSim-97] XSim simulation ran for 1000ns
launch_simulation: Time (s): cpu = 00:00:11 ; elapsed = 00:00:29 . Memory (MB): peak = 922.066 ; gain = 28.621
close_sim
INFO: [Simtcl 6-16] Simulation closed
launch_simulation
INFO: [Vivado 12-5682] Launching behavioral simulation in 'F:/Spider/VLSIProjRISCV/Git/VLSI/RV32IM/RV32IM.sim/sim_1/behav/xsim'
INFO: [SIM-utils-51] Simulation object is 'sim_1'
INFO: [SIM-utils-54] Inspecting design source files for 'ALU_TestBench' in fileset 'sim_1'...
INFO: [USF-XSim-97] Finding global include files...
INFO: [USF-XSim-100] Fetching design files from 'sources_1'...(this may take a while)...
INFO: [USF-XSim-101] Fetching design files from 'sim_1'...
INFO: [USF-XSim-2] XSim::Compile design
INFO: [USF-XSim-61] Executing 'COMPILE and ANALYZE' step in 'F:/Spider/VLSIProjRISCV/Git/VLSI/RV32IM/RV32IM.sim/sim_1/behav/xsim'
"xvlog --incr --relax -prj ALU_TestBench_vlog.prj"
INFO: [VRFC 10-2263] Analyzing Verilog file "F:/Spider/VLSIProjRISCV/Git/VLSI/RV32IM/RV32IM.srcs/sources_1/new/defines.v" into library xil_defaultlib
INFO: [VRFC 10-2263] Analyzing Verilog file "F:/Spider/VLSIProjRISCV/Git/VLSI/RV32IM/RV32IM.srcs/sources_1/new/ALU_module.v" into library xil_defaultlib
INFO: [VRFC 10-311] analyzing module ALU_Module
INFO: [VRFC 10-2263] Analyzing Verilog file "F:/Spider/VLSIProjRISCV/Git/VLSI/RV32IM/RV32IM.srcs/sim_1/new/ALU_TestBench.v" into library xil_defaultlib
INFO: [VRFC 10-311] analyzing module ALU_TestBench
INFO: [USF-XSim-69] 'compile' step finished in '3' seconds
INFO: [USF-XSim-3] XSim::Elaborate design
INFO: [USF-XSim-61] Executing 'ELABORATE' step in 'F:/Spider/VLSIProjRISCV/Git/VLSI/RV32IM/RV32IM.sim/sim_1/behav/xsim'
Vivado Simulator 2018.2
Copyright 1986-1999, 2001-2018 Xilinx, Inc. All Rights Reserved.
Running: C:/Xilinx/Vivado/2018.2/bin/unwrapped/win64.o/xelab.exe -wto 301024b189554e7993e55fcad0741d65 --incr --debug typical --relax --mt 2 -L xil_defaultlib -L unisims_ver -L unimacro_ver -L secureip --snapshot ALU_TestBench_behav xil_defaultlib.ALU_TestBench xil_defaultlib.glbl -log elaborate.log 
Using 2 slave threads.
Starting static elaboration
WARNING: [VRFC 10-278] actual bit length 4 differs from formal bit length 5 for port AluSel [F:/Spider/VLSIProjRISCV/Git/VLSI/RV32IM/RV32IM.srcs/sim_1/new/ALU_TestBench.v:20]
Completed static elaboration
Starting simulation data flow analysis
Completed simulation data flow analysis
Time Resolution for simulation is 1ps
Compiling module xil_defaultlib.ALU_Module
Compiling module xil_defaultlib.ALU_TestBench
Compiling module xil_defaultlib.glbl
Built simulation snapshot ALU_TestBench_behav
INFO: [USF-XSim-69] 'elaborate' step finished in '3' seconds
INFO: [USF-XSim-4] XSim::Simulate design
INFO: [USF-XSim-61] Executing 'SIMULATE' step in 'F:/Spider/VLSIProjRISCV/Git/VLSI/RV32IM/RV32IM.sim/sim_1/behav/xsim'
INFO: [USF-XSim-98] *** Running xsim
   with args "ALU_TestBench_behav -key {Behavioral:sim_1:Functional:ALU_TestBench} -tclbatch {ALU_TestBench.tcl} -log {simulate.log}"
INFO: [USF-XSim-8] Loading simulator feature
Vivado Simulator 2018.2
Time resolution is 1 ps
source ALU_TestBench.tcl
# set curr_wave [current_wave_config]
# if { [string length $curr_wave] == 0 } {
#   if { [llength [get_objects]] > 0} {
#     add_wave /
#     set_property needs_save false [current_wave_config]
#   } else {
#      send_msg_id Add_Wave-1 WARNING "No top level signals found. Simulator will start without a wave window. If you want to open a wave window go to 'File->New Waveform Configuration' or type 'create_wave_config' in the TCL console."
#   }
# }
# run 1000ns
INFO: [USF-XSim-96] XSim completed. Design snapshot 'ALU_TestBench_behav' loaded.
INFO: [USF-XSim-97] XSim simulation ran for 1000ns
launch_simulation: Time (s): cpu = 00:00:03 ; elapsed = 00:00:08 . Memory (MB): peak = 928.203 ; gain = 1.230
close_sim
INFO: [Simtcl 6-16] Simulation closed
launch_simulation
INFO: [Vivado 12-5682] Launching behavioral simulation in 'F:/Spider/VLSIProjRISCV/Git/VLSI/RV32IM/RV32IM.sim/sim_1/behav/xsim'
INFO: [SIM-utils-51] Simulation object is 'sim_1'
INFO: [SIM-utils-54] Inspecting design source files for 'ALU_TestBench' in fileset 'sim_1'...
INFO: [USF-XSim-97] Finding global include files...
INFO: [USF-XSim-100] Fetching design files from 'sources_1'...(this may take a while)...
INFO: [USF-XSim-101] Fetching design files from 'sim_1'...
INFO: [USF-XSim-2] XSim::Compile design
INFO: [USF-XSim-61] Executing 'COMPILE and ANALYZE' step in 'F:/Spider/VLSIProjRISCV/Git/VLSI/RV32IM/RV32IM.sim/sim_1/behav/xsim'
"xvlog --incr --relax -prj ALU_TestBench_vlog.prj"
INFO: [VRFC 10-2263] Analyzing Verilog file "F:/Spider/VLSIProjRISCV/Git/VLSI/RV32IM/RV32IM.srcs/sources_1/new/defines.v" into library xil_defaultlib
INFO: [VRFC 10-2263] Analyzing Verilog file "F:/Spider/VLSIProjRISCV/Git/VLSI/RV32IM/RV32IM.srcs/sources_1/new/ALU_module.v" into library xil_defaultlib
INFO: [VRFC 10-311] analyzing module ALU_Module
INFO: [VRFC 10-2263] Analyzing Verilog file "F:/Spider/VLSIProjRISCV/Git/VLSI/RV32IM/RV32IM.srcs/sim_1/new/ALU_TestBench.v" into library xil_defaultlib
INFO: [VRFC 10-311] analyzing module ALU_TestBench
INFO: [USF-XSim-69] 'compile' step finished in '3' seconds
INFO: [USF-XSim-3] XSim::Elaborate design
INFO: [USF-XSim-61] Executing 'ELABORATE' step in 'F:/Spider/VLSIProjRISCV/Git/VLSI/RV32IM/RV32IM.sim/sim_1/behav/xsim'
Vivado Simulator 2018.2
Copyright 1986-1999, 2001-2018 Xilinx, Inc. All Rights Reserved.
Running: C:/Xilinx/Vivado/2018.2/bin/unwrapped/win64.o/xelab.exe -wto 301024b189554e7993e55fcad0741d65 --incr --debug typical --relax --mt 2 -L xil_defaultlib -L unisims_ver -L unimacro_ver -L secureip --snapshot ALU_TestBench_behav xil_defaultlib.ALU_TestBench xil_defaultlib.glbl -log elaborate.log 
Using 2 slave threads.
Starting static elaboration
WARNING: [VRFC 10-278] actual bit length 4 differs from formal bit length 5 for port AluSel [F:/Spider/VLSIProjRISCV/Git/VLSI/RV32IM/RV32IM.srcs/sim_1/new/ALU_TestBench.v:20]
Completed static elaboration
Starting simulation data flow analysis
Completed simulation data flow analysis
Time Resolution for simulation is 1ps
Compiling module xil_defaultlib.ALU_Module
Compiling module xil_defaultlib.ALU_TestBench
Compiling module xil_defaultlib.glbl
Built simulation snapshot ALU_TestBench_behav
INFO: [USF-XSim-69] 'elaborate' step finished in '3' seconds
INFO: [USF-XSim-4] XSim::Simulate design
INFO: [USF-XSim-61] Executing 'SIMULATE' step in 'F:/Spider/VLSIProjRISCV/Git/VLSI/RV32IM/RV32IM.sim/sim_1/behav/xsim'
INFO: [USF-XSim-98] *** Running xsim
   with args "ALU_TestBench_behav -key {Behavioral:sim_1:Functional:ALU_TestBench} -tclbatch {ALU_TestBench.tcl} -log {simulate.log}"
INFO: [USF-XSim-8] Loading simulator feature
Vivado Simulator 2018.2
Time resolution is 1 ps
source ALU_TestBench.tcl
# set curr_wave [current_wave_config]
# if { [string length $curr_wave] == 0 } {
#   if { [llength [get_objects]] > 0} {
#     add_wave /
#     set_property needs_save false [current_wave_config]
#   } else {
#      send_msg_id Add_Wave-1 WARNING "No top level signals found. Simulator will start without a wave window. If you want to open a wave window go to 'File->New Waveform Configuration' or type 'create_wave_config' in the TCL console."
#   }
# }
# run 1000ns
INFO: [USF-XSim-96] XSim completed. Design snapshot 'ALU_TestBench_behav' loaded.
INFO: [USF-XSim-97] XSim simulation ran for 1000ns
launch_simulation: Time (s): cpu = 00:00:03 ; elapsed = 00:00:09 . Memory (MB): peak = 928.203 ; gain = 0.000
close_sim
INFO: [Simtcl 6-16] Simulation closed
launch_simulation
INFO: [Vivado 12-5682] Launching behavioral simulation in 'F:/Spider/VLSIProjRISCV/Git/VLSI/RV32IM/RV32IM.sim/sim_1/behav/xsim'
INFO: [SIM-utils-51] Simulation object is 'sim_1'
INFO: [SIM-utils-54] Inspecting design source files for 'ALU_TestBench' in fileset 'sim_1'...
INFO: [USF-XSim-97] Finding global include files...
INFO: [USF-XSim-100] Fetching design files from 'sources_1'...(this may take a while)...
INFO: [USF-XSim-101] Fetching design files from 'sim_1'...
INFO: [USF-XSim-2] XSim::Compile design
INFO: [USF-XSim-61] Executing 'COMPILE and ANALYZE' step in 'F:/Spider/VLSIProjRISCV/Git/VLSI/RV32IM/RV32IM.sim/sim_1/behav/xsim'
"xvlog --incr --relax -prj ALU_TestBench_vlog.prj"
INFO: [VRFC 10-2263] Analyzing Verilog file "F:/Spider/VLSIProjRISCV/Git/VLSI/RV32IM/RV32IM.srcs/sources_1/new/defines.v" into library xil_defaultlib
INFO: [VRFC 10-2263] Analyzing Verilog file "F:/Spider/VLSIProjRISCV/Git/VLSI/RV32IM/RV32IM.srcs/sources_1/new/ALU_module.v" into library xil_defaultlib
INFO: [VRFC 10-311] analyzing module ALU_Module
INFO: [VRFC 10-2263] Analyzing Verilog file "F:/Spider/VLSIProjRISCV/Git/VLSI/RV32IM/RV32IM.srcs/sim_1/new/ALU_TestBench.v" into library xil_defaultlib
INFO: [VRFC 10-311] analyzing module ALU_TestBench
INFO: [USF-XSim-69] 'compile' step finished in '2' seconds
INFO: [USF-XSim-3] XSim::Elaborate design
INFO: [USF-XSim-61] Executing 'ELABORATE' step in 'F:/Spider/VLSIProjRISCV/Git/VLSI/RV32IM/RV32IM.sim/sim_1/behav/xsim'
Vivado Simulator 2018.2
Copyright 1986-1999, 2001-2018 Xilinx, Inc. All Rights Reserved.
Running: C:/Xilinx/Vivado/2018.2/bin/unwrapped/win64.o/xelab.exe -wto 301024b189554e7993e55fcad0741d65 --incr --debug typical --relax --mt 2 -L xil_defaultlib -L unisims_ver -L unimacro_ver -L secureip --snapshot ALU_TestBench_behav xil_defaultlib.ALU_TestBench xil_defaultlib.glbl -log elaborate.log 
Using 2 slave threads.
Starting static elaboration
WARNING: [VRFC 10-278] actual bit length 4 differs from formal bit length 5 for port AluSel [F:/Spider/VLSIProjRISCV/Git/VLSI/RV32IM/RV32IM.srcs/sim_1/new/ALU_TestBench.v:20]
Completed static elaboration
Starting simulation data flow analysis
Completed simulation data flow analysis
Time Resolution for simulation is 1ps
Compiling module xil_defaultlib.ALU_Module
Compiling module xil_defaultlib.ALU_TestBench
Compiling module xil_defaultlib.glbl
Built simulation snapshot ALU_TestBench_behav
INFO: [USF-XSim-69] 'elaborate' step finished in '3' seconds
INFO: [USF-XSim-4] XSim::Simulate design
INFO: [USF-XSim-61] Executing 'SIMULATE' step in 'F:/Spider/VLSIProjRISCV/Git/VLSI/RV32IM/RV32IM.sim/sim_1/behav/xsim'
INFO: [USF-XSim-98] *** Running xsim
   with args "ALU_TestBench_behav -key {Behavioral:sim_1:Functional:ALU_TestBench} -tclbatch {ALU_TestBench.tcl} -log {simulate.log}"
INFO: [USF-XSim-8] Loading simulator feature
Vivado Simulator 2018.2
Time resolution is 1 ps
source ALU_TestBench.tcl
# set curr_wave [current_wave_config]
# if { [string length $curr_wave] == 0 } {
#   if { [llength [get_objects]] > 0} {
#     add_wave /
#     set_property needs_save false [current_wave_config]
#   } else {
#      send_msg_id Add_Wave-1 WARNING "No top level signals found. Simulator will start without a wave window. If you want to open a wave window go to 'File->New Waveform Configuration' or type 'create_wave_config' in the TCL console."
#   }
# }
# run 1000ns
INFO: [USF-XSim-96] XSim completed. Design snapshot 'ALU_TestBench_behav' loaded.
INFO: [USF-XSim-97] XSim simulation ran for 1000ns
launch_simulation: Time (s): cpu = 00:00:03 ; elapsed = 00:00:09 . Memory (MB): peak = 928.203 ; gain = 0.000
close_sim
INFO: [Simtcl 6-16] Simulation closed
launch_simulation
INFO: [Vivado 12-5682] Launching behavioral simulation in 'F:/Spider/VLSIProjRISCV/Git/VLSI/RV32IM/RV32IM.sim/sim_1/behav/xsim'
INFO: [SIM-utils-51] Simulation object is 'sim_1'
INFO: [SIM-utils-54] Inspecting design source files for 'ALU_TestBench' in fileset 'sim_1'...
INFO: [USF-XSim-97] Finding global include files...
INFO: [USF-XSim-100] Fetching design files from 'sources_1'...(this may take a while)...
INFO: [USF-XSim-101] Fetching design files from 'sim_1'...
INFO: [USF-XSim-2] XSim::Compile design
INFO: [USF-XSim-61] Executing 'COMPILE and ANALYZE' step in 'F:/Spider/VLSIProjRISCV/Git/VLSI/RV32IM/RV32IM.sim/sim_1/behav/xsim'
"xvlog --incr --relax -prj ALU_TestBench_vlog.prj"
INFO: [VRFC 10-2263] Analyzing Verilog file "F:/Spider/VLSIProjRISCV/Git/VLSI/RV32IM/RV32IM.srcs/sources_1/new/defines.v" into library xil_defaultlib
INFO: [VRFC 10-2263] Analyzing Verilog file "F:/Spider/VLSIProjRISCV/Git/VLSI/RV32IM/RV32IM.srcs/sources_1/new/ALU_module.v" into library xil_defaultlib
INFO: [VRFC 10-311] analyzing module ALU_Module
INFO: [VRFC 10-2263] Analyzing Verilog file "F:/Spider/VLSIProjRISCV/Git/VLSI/RV32IM/RV32IM.srcs/sim_1/new/ALU_TestBench.v" into library xil_defaultlib
INFO: [VRFC 10-311] analyzing module ALU_TestBench
INFO: [USF-XSim-69] 'compile' step finished in '3' seconds
INFO: [USF-XSim-3] XSim::Elaborate design
INFO: [USF-XSim-61] Executing 'ELABORATE' step in 'F:/Spider/VLSIProjRISCV/Git/VLSI/RV32IM/RV32IM.sim/sim_1/behav/xsim'
Vivado Simulator 2018.2
Copyright 1986-1999, 2001-2018 Xilinx, Inc. All Rights Reserved.
Running: C:/Xilinx/Vivado/2018.2/bin/unwrapped/win64.o/xelab.exe -wto 301024b189554e7993e55fcad0741d65 --incr --debug typical --relax --mt 2 -L xil_defaultlib -L unisims_ver -L unimacro_ver -L secureip --snapshot ALU_TestBench_behav xil_defaultlib.ALU_TestBench xil_defaultlib.glbl -log elaborate.log 
Using 2 slave threads.
Starting static elaboration
Completed static elaboration
Starting simulation data flow analysis
Completed simulation data flow analysis
Time Resolution for simulation is 1ps
Compiling module xil_defaultlib.ALU_Module
Compiling module xil_defaultlib.ALU_TestBench
Compiling module xil_defaultlib.glbl
Built simulation snapshot ALU_TestBench_behav
INFO: [USF-XSim-69] 'elaborate' step finished in '3' seconds
INFO: [USF-XSim-4] XSim::Simulate design
INFO: [USF-XSim-61] Executing 'SIMULATE' step in 'F:/Spider/VLSIProjRISCV/Git/VLSI/RV32IM/RV32IM.sim/sim_1/behav/xsim'
INFO: [USF-XSim-98] *** Running xsim
   with args "ALU_TestBench_behav -key {Behavioral:sim_1:Functional:ALU_TestBench} -tclbatch {ALU_TestBench.tcl} -log {simulate.log}"
INFO: [USF-XSim-8] Loading simulator feature
Vivado Simulator 2018.2
Time resolution is 1 ps
source ALU_TestBench.tcl
# set curr_wave [current_wave_config]
# if { [string length $curr_wave] == 0 } {
#   if { [llength [get_objects]] > 0} {
#     add_wave /
#     set_property needs_save false [current_wave_config]
#   } else {
#      send_msg_id Add_Wave-1 WARNING "No top level signals found. Simulator will start without a wave window. If you want to open a wave window go to 'File->New Waveform Configuration' or type 'create_wave_config' in the TCL console."
#   }
# }
# run 1000ns
INFO: [USF-XSim-96] XSim completed. Design snapshot 'ALU_TestBench_behav' loaded.
INFO: [USF-XSim-97] XSim simulation ran for 1000ns
launch_simulation: Time (s): cpu = 00:00:03 ; elapsed = 00:00:09 . Memory (MB): peak = 928.203 ; gain = 0.000
close_sim
INFO: [Simtcl 6-16] Simulation closed
launch_simulation
INFO: [Vivado 12-5682] Launching behavioral simulation in 'F:/Spider/VLSIProjRISCV/Git/VLSI/RV32IM/RV32IM.sim/sim_1/behav/xsim'
INFO: [SIM-utils-51] Simulation object is 'sim_1'
INFO: [SIM-utils-54] Inspecting design source files for 'ALU_TestBench' in fileset 'sim_1'...
INFO: [USF-XSim-97] Finding global include files...
INFO: [USF-XSim-100] Fetching design files from 'sources_1'...(this may take a while)...
INFO: [USF-XSim-101] Fetching design files from 'sim_1'...
INFO: [USF-XSim-2] XSim::Compile design
INFO: [USF-XSim-61] Executing 'COMPILE and ANALYZE' step in 'F:/Spider/VLSIProjRISCV/Git/VLSI/RV32IM/RV32IM.sim/sim_1/behav/xsim'
"xvlog --incr --relax -prj ALU_TestBench_vlog.prj"
INFO: [VRFC 10-2263] Analyzing Verilog file "F:/Spider/VLSIProjRISCV/Git/VLSI/RV32IM/RV32IM.srcs/sources_1/new/defines.v" into library xil_defaultlib
INFO: [VRFC 10-2263] Analyzing Verilog file "F:/Spider/VLSIProjRISCV/Git/VLSI/RV32IM/RV32IM.srcs/sources_1/new/ALU_module.v" into library xil_defaultlib
INFO: [VRFC 10-311] analyzing module ALU_Module
INFO: [VRFC 10-2263] Analyzing Verilog file "F:/Spider/VLSIProjRISCV/Git/VLSI/RV32IM/RV32IM.srcs/sim_1/new/ALU_TestBench.v" into library xil_defaultlib
INFO: [VRFC 10-311] analyzing module ALU_TestBench
INFO: [USF-XSim-69] 'compile' step finished in '2' seconds
INFO: [USF-XSim-3] XSim::Elaborate design
INFO: [USF-XSim-61] Executing 'ELABORATE' step in 'F:/Spider/VLSIProjRISCV/Git/VLSI/RV32IM/RV32IM.sim/sim_1/behav/xsim'
Vivado Simulator 2018.2
Copyright 1986-1999, 2001-2018 Xilinx, Inc. All Rights Reserved.
Running: C:/Xilinx/Vivado/2018.2/bin/unwrapped/win64.o/xelab.exe -wto 301024b189554e7993e55fcad0741d65 --incr --debug typical --relax --mt 2 -L xil_defaultlib -L unisims_ver -L unimacro_ver -L secureip --snapshot ALU_TestBench_behav xil_defaultlib.ALU_TestBench xil_defaultlib.glbl -log elaborate.log 
Using 2 slave threads.
Starting static elaboration
Completed static elaboration
Starting simulation data flow analysis
Completed simulation data flow analysis
Time Resolution for simulation is 1ps
Compiling module xil_defaultlib.ALU_Module
Compiling module xil_defaultlib.ALU_TestBench
Compiling module xil_defaultlib.glbl
Built simulation snapshot ALU_TestBench_behav
INFO: [USF-XSim-69] 'elaborate' step finished in '3' seconds
INFO: [USF-XSim-4] XSim::Simulate design
INFO: [USF-XSim-61] Executing 'SIMULATE' step in 'F:/Spider/VLSIProjRISCV/Git/VLSI/RV32IM/RV32IM.sim/sim_1/behav/xsim'
INFO: [USF-XSim-98] *** Running xsim
   with args "ALU_TestBench_behav -key {Behavioral:sim_1:Functional:ALU_TestBench} -tclbatch {ALU_TestBench.tcl} -log {simulate.log}"
INFO: [USF-XSim-8] Loading simulator feature
Vivado Simulator 2018.2
Time resolution is 1 ps
source ALU_TestBench.tcl
# set curr_wave [current_wave_config]
# if { [string length $curr_wave] == 0 } {
#   if { [llength [get_objects]] > 0} {
#     add_wave /
#     set_property needs_save false [current_wave_config]
#   } else {
#      send_msg_id Add_Wave-1 WARNING "No top level signals found. Simulator will start without a wave window. If you want to open a wave window go to 'File->New Waveform Configuration' or type 'create_wave_config' in the TCL console."
#   }
# }
# run 1000ns
INFO: [USF-XSim-96] XSim completed. Design snapshot 'ALU_TestBench_behav' loaded.
INFO: [USF-XSim-97] XSim simulation ran for 1000ns
launch_simulation: Time (s): cpu = 00:00:03 ; elapsed = 00:00:08 . Memory (MB): peak = 931.883 ; gain = 0.000
close_sim
INFO: [Simtcl 6-16] Simulation closed
export_ip_user_files -of_objects  [get_files F:/Spider/VLSIProjRISCV/Git/VLSI/RV32IM/RV32IM.srcs/sources_1/new/defines.v] -no_script -reset -force -quiet
remove_files  F:/Spider/VLSIProjRISCV/Git/VLSI/RV32IM/RV32IM.srcs/sources_1/new/defines.v
launch_simulation
INFO: [Vivado 12-5682] Launching behavioral simulation in 'F:/Spider/VLSIProjRISCV/Git/VLSI/RV32IM/RV32IM.sim/sim_1/behav/xsim'
INFO: [SIM-utils-51] Simulation object is 'sim_1'
INFO: [SIM-utils-54] Inspecting design source files for 'ALU_TestBench' in fileset 'sim_1'...
INFO: [USF-XSim-97] Finding global include files...
INFO: [USF-XSim-100] Fetching design files from 'sources_1'...(this may take a while)...
INFO: [USF-XSim-101] Fetching design files from 'sim_1'...
INFO: [USF-XSim-2] XSim::Compile design
INFO: [USF-XSim-61] Executing 'COMPILE and ANALYZE' step in 'F:/Spider/VLSIProjRISCV/Git/VLSI/RV32IM/RV32IM.sim/sim_1/behav/xsim'
"xvlog --incr --relax -prj ALU_TestBench_vlog.prj"
INFO: [VRFC 10-2263] Analyzing Verilog file "F:/Spider/VLSIProjRISCV/Git/VLSI/RV32IM/RV32IM.srcs/sources_1/new/ALU_module.v" into library xil_defaultlib
INFO: [VRFC 10-311] analyzing module ALU_Module
INFO: [VRFC 10-2263] Analyzing Verilog file "F:/Spider/VLSIProjRISCV/Git/VLSI/RV32IM/RV32IM.srcs/sim_1/new/ALU_TestBench.v" into library xil_defaultlib
INFO: [VRFC 10-311] analyzing module ALU_TestBench
INFO: [USF-XSim-69] 'compile' step finished in '2' seconds
INFO: [USF-XSim-3] XSim::Elaborate design
INFO: [USF-XSim-61] Executing 'ELABORATE' step in 'F:/Spider/VLSIProjRISCV/Git/VLSI/RV32IM/RV32IM.sim/sim_1/behav/xsim'
Vivado Simulator 2018.2
Copyright 1986-1999, 2001-2018 Xilinx, Inc. All Rights Reserved.
Running: C:/Xilinx/Vivado/2018.2/bin/unwrapped/win64.o/xelab.exe -wto 301024b189554e7993e55fcad0741d65 --incr --debug typical --relax --mt 2 -L xil_defaultlib -L unisims_ver -L unimacro_ver -L secureip --snapshot ALU_TestBench_behav xil_defaultlib.ALU_TestBench xil_defaultlib.glbl -log elaborate.log 
Using 2 slave threads.
Starting static elaboration
Completed static elaboration
Starting simulation data flow analysis
Completed simulation data flow analysis
Time Resolution for simulation is 1ps
Compiling module xil_defaultlib.ALU_Module
Compiling module xil_defaultlib.ALU_TestBench
Compiling module xil_defaultlib.glbl
Built simulation snapshot ALU_TestBench_behav
INFO: [USF-XSim-69] 'elaborate' step finished in '4' seconds
INFO: [USF-XSim-4] XSim::Simulate design
INFO: [USF-XSim-61] Executing 'SIMULATE' step in 'F:/Spider/VLSIProjRISCV/Git/VLSI/RV32IM/RV32IM.sim/sim_1/behav/xsim'
INFO: [USF-XSim-98] *** Running xsim
   with args "ALU_TestBench_behav -key {Behavioral:sim_1:Functional:ALU_TestBench} -tclbatch {ALU_TestBench.tcl} -log {simulate.log}"
INFO: [USF-XSim-8] Loading simulator feature
Vivado Simulator 2018.2
Time resolution is 1 ps
source ALU_TestBench.tcl
# set curr_wave [current_wave_config]
# if { [string length $curr_wave] == 0 } {
#   if { [llength [get_objects]] > 0} {
#     add_wave /
#     set_property needs_save false [current_wave_config]
#   } else {
#      send_msg_id Add_Wave-1 WARNING "No top level signals found. Simulator will start without a wave window. If you want to open a wave window go to 'File->New Waveform Configuration' or type 'create_wave_config' in the TCL console."
#   }
# }
# run 1000ns
INFO: [USF-XSim-96] XSim completed. Design snapshot 'ALU_TestBench_behav' loaded.
INFO: [USF-XSim-97] XSim simulation ran for 1000ns
launch_simulation: Time (s): cpu = 00:00:03 ; elapsed = 00:00:08 . Memory (MB): peak = 931.883 ; gain = 0.000
close_sim
INFO: [Simtcl 6-16] Simulation closed
launch_simulation
INFO: [Vivado 12-5682] Launching behavioral simulation in 'F:/Spider/VLSIProjRISCV/Git/VLSI/RV32IM/RV32IM.sim/sim_1/behav/xsim'
INFO: [SIM-utils-51] Simulation object is 'sim_1'
INFO: [SIM-utils-54] Inspecting design source files for 'ALU_TestBench' in fileset 'sim_1'...
INFO: [USF-XSim-97] Finding global include files...
INFO: [USF-XSim-100] Fetching design files from 'sources_1'...(this may take a while)...
INFO: [USF-XSim-101] Fetching design files from 'sim_1'...
INFO: [USF-XSim-2] XSim::Compile design
INFO: [USF-XSim-61] Executing 'COMPILE and ANALYZE' step in 'F:/Spider/VLSIProjRISCV/Git/VLSI/RV32IM/RV32IM.sim/sim_1/behav/xsim'
"xvlog --incr --relax -prj ALU_TestBench_vlog.prj"
INFO: [VRFC 10-2263] Analyzing Verilog file "F:/Spider/VLSIProjRISCV/Git/VLSI/RV32IM/RV32IM.srcs/sources_1/new/ALU_module.v" into library xil_defaultlib
INFO: [VRFC 10-311] analyzing module ALU_Module
INFO: [VRFC 10-2263] Analyzing Verilog file "F:/Spider/VLSIProjRISCV/Git/VLSI/RV32IM/RV32IM.srcs/sim_1/new/ALU_TestBench.v" into library xil_defaultlib
INFO: [VRFC 10-311] analyzing module ALU_TestBench
INFO: [USF-XSim-69] 'compile' step finished in '2' seconds
INFO: [USF-XSim-3] XSim::Elaborate design
INFO: [USF-XSim-61] Executing 'ELABORATE' step in 'F:/Spider/VLSIProjRISCV/Git/VLSI/RV32IM/RV32IM.sim/sim_1/behav/xsim'
Vivado Simulator 2018.2
Copyright 1986-1999, 2001-2018 Xilinx, Inc. All Rights Reserved.
Running: C:/Xilinx/Vivado/2018.2/bin/unwrapped/win64.o/xelab.exe -wto 301024b189554e7993e55fcad0741d65 --incr --debug typical --relax --mt 2 -L xil_defaultlib -L unisims_ver -L unimacro_ver -L secureip --snapshot ALU_TestBench_behav xil_defaultlib.ALU_TestBench xil_defaultlib.glbl -log elaborate.log 
Using 2 slave threads.
Starting static elaboration
Completed static elaboration
Starting simulation data flow analysis
Completed simulation data flow analysis
Time Resolution for simulation is 1ps
Compiling module xil_defaultlib.ALU_Module
Compiling module xil_defaultlib.ALU_TestBench
Compiling module xil_defaultlib.glbl
Built simulation snapshot ALU_TestBench_behav
INFO: [USF-XSim-69] 'elaborate' step finished in '4' seconds
INFO: [USF-XSim-4] XSim::Simulate design
INFO: [USF-XSim-61] Executing 'SIMULATE' step in 'F:/Spider/VLSIProjRISCV/Git/VLSI/RV32IM/RV32IM.sim/sim_1/behav/xsim'
INFO: [USF-XSim-98] *** Running xsim
   with args "ALU_TestBench_behav -key {Behavioral:sim_1:Functional:ALU_TestBench} -tclbatch {ALU_TestBench.tcl} -log {simulate.log}"
INFO: [USF-XSim-8] Loading simulator feature
Vivado Simulator 2018.2
Time resolution is 1 ps
source ALU_TestBench.tcl
# set curr_wave [current_wave_config]
# if { [string length $curr_wave] == 0 } {
#   if { [llength [get_objects]] > 0} {
#     add_wave /
#     set_property needs_save false [current_wave_config]
#   } else {
#      send_msg_id Add_Wave-1 WARNING "No top level signals found. Simulator will start without a wave window. If you want to open a wave window go to 'File->New Waveform Configuration' or type 'create_wave_config' in the TCL console."
#   }
# }
# run 1000ns
INFO: [USF-XSim-96] XSim completed. Design snapshot 'ALU_TestBench_behav' loaded.
INFO: [USF-XSim-97] XSim simulation ran for 1000ns
launch_simulation: Time (s): cpu = 00:00:03 ; elapsed = 00:00:09 . Memory (MB): peak = 933.105 ; gain = 1.223
close_sim
INFO: [Simtcl 6-16] Simulation closed
launch_simulation
INFO: [Vivado 12-5682] Launching behavioral simulation in 'F:/Spider/VLSIProjRISCV/Git/VLSI/RV32IM/RV32IM.sim/sim_1/behav/xsim'
INFO: [SIM-utils-51] Simulation object is 'sim_1'
INFO: [SIM-utils-54] Inspecting design source files for 'ALU_TestBench' in fileset 'sim_1'...
INFO: [USF-XSim-97] Finding global include files...
INFO: [USF-XSim-100] Fetching design files from 'sources_1'...(this may take a while)...
INFO: [USF-XSim-101] Fetching design files from 'sim_1'...
INFO: [USF-XSim-2] XSim::Compile design
INFO: [USF-XSim-61] Executing 'COMPILE and ANALYZE' step in 'F:/Spider/VLSIProjRISCV/Git/VLSI/RV32IM/RV32IM.sim/sim_1/behav/xsim'
"xvlog --incr --relax -prj ALU_TestBench_vlog.prj"
INFO: [VRFC 10-2263] Analyzing Verilog file "F:/Spider/VLSIProjRISCV/Git/VLSI/RV32IM/RV32IM.srcs/sources_1/new/ALU_module.v" into library xil_defaultlib
INFO: [VRFC 10-311] analyzing module ALU_Module
INFO: [VRFC 10-2263] Analyzing Verilog file "F:/Spider/VLSIProjRISCV/Git/VLSI/RV32IM/RV32IM.srcs/sim_1/new/ALU_TestBench.v" into library xil_defaultlib
INFO: [VRFC 10-311] analyzing module ALU_TestBench
INFO: [USF-XSim-69] 'compile' step finished in '2' seconds
INFO: [USF-XSim-3] XSim::Elaborate design
INFO: [USF-XSim-61] Executing 'ELABORATE' step in 'F:/Spider/VLSIProjRISCV/Git/VLSI/RV32IM/RV32IM.sim/sim_1/behav/xsim'
Vivado Simulator 2018.2
Copyright 1986-1999, 2001-2018 Xilinx, Inc. All Rights Reserved.
Running: C:/Xilinx/Vivado/2018.2/bin/unwrapped/win64.o/xelab.exe -wto 301024b189554e7993e55fcad0741d65 --incr --debug typical --relax --mt 2 -L xil_defaultlib -L unisims_ver -L unimacro_ver -L secureip --snapshot ALU_TestBench_behav xil_defaultlib.ALU_TestBench xil_defaultlib.glbl -log elaborate.log 
Using 2 slave threads.
Starting static elaboration
Completed static elaboration
Starting simulation data flow analysis
Completed simulation data flow analysis
Time Resolution for simulation is 1ps
Compiling module xil_defaultlib.ALU_Module
Compiling module xil_defaultlib.ALU_TestBench
Compiling module xil_defaultlib.glbl
Built simulation snapshot ALU_TestBench_behav
INFO: [USF-XSim-69] 'elaborate' step finished in '2' seconds
INFO: [USF-XSim-4] XSim::Simulate design
INFO: [USF-XSim-61] Executing 'SIMULATE' step in 'F:/Spider/VLSIProjRISCV/Git/VLSI/RV32IM/RV32IM.sim/sim_1/behav/xsim'
INFO: [USF-XSim-98] *** Running xsim
   with args "ALU_TestBench_behav -key {Behavioral:sim_1:Functional:ALU_TestBench} -tclbatch {ALU_TestBench.tcl} -log {simulate.log}"
INFO: [USF-XSim-8] Loading simulator feature
Vivado Simulator 2018.2
Time resolution is 1 ps
source ALU_TestBench.tcl
# set curr_wave [current_wave_config]
# if { [string length $curr_wave] == 0 } {
#   if { [llength [get_objects]] > 0} {
#     add_wave /
#     set_property needs_save false [current_wave_config]
#   } else {
#      send_msg_id Add_Wave-1 WARNING "No top level signals found. Simulator will start without a wave window. If you want to open a wave window go to 'File->New Waveform Configuration' or type 'create_wave_config' in the TCL console."
#   }
# }
# run 1000ns
INFO: [USF-XSim-96] XSim completed. Design snapshot 'ALU_TestBench_behav' loaded.
INFO: [USF-XSim-97] XSim simulation ran for 1000ns
launch_simulation: Time (s): cpu = 00:00:02 ; elapsed = 00:00:07 . Memory (MB): peak = 937.145 ; gain = 0.000
close_sim
INFO: [Simtcl 6-16] Simulation closed
launch_simulation
INFO: [Vivado 12-5682] Launching behavioral simulation in 'F:/Spider/VLSIProjRISCV/Git/VLSI/RV32IM/RV32IM.sim/sim_1/behav/xsim'
INFO: [SIM-utils-51] Simulation object is 'sim_1'
INFO: [SIM-utils-54] Inspecting design source files for 'ALU_TestBench' in fileset 'sim_1'...
INFO: [USF-XSim-97] Finding global include files...
INFO: [USF-XSim-100] Fetching design files from 'sources_1'...(this may take a while)...
INFO: [USF-XSim-101] Fetching design files from 'sim_1'...
INFO: [USF-XSim-2] XSim::Compile design
INFO: [USF-XSim-61] Executing 'COMPILE and ANALYZE' step in 'F:/Spider/VLSIProjRISCV/Git/VLSI/RV32IM/RV32IM.sim/sim_1/behav/xsim'
"xvlog --incr --relax -prj ALU_TestBench_vlog.prj"
INFO: [VRFC 10-2263] Analyzing Verilog file "F:/Spider/VLSIProjRISCV/Git/VLSI/RV32IM/RV32IM.srcs/sources_1/new/ALU_module.v" into library xil_defaultlib
INFO: [VRFC 10-311] analyzing module ALU_Module
INFO: [VRFC 10-2263] Analyzing Verilog file "F:/Spider/VLSIProjRISCV/Git/VLSI/RV32IM/RV32IM.srcs/sim_1/new/ALU_TestBench.v" into library xil_defaultlib
INFO: [VRFC 10-311] analyzing module ALU_TestBench
INFO: [USF-XSim-69] 'compile' step finished in '2' seconds
INFO: [USF-XSim-3] XSim::Elaborate design
INFO: [USF-XSim-61] Executing 'ELABORATE' step in 'F:/Spider/VLSIProjRISCV/Git/VLSI/RV32IM/RV32IM.sim/sim_1/behav/xsim'
Vivado Simulator 2018.2
Copyright 1986-1999, 2001-2018 Xilinx, Inc. All Rights Reserved.
Running: C:/Xilinx/Vivado/2018.2/bin/unwrapped/win64.o/xelab.exe -wto 301024b189554e7993e55fcad0741d65 --incr --debug typical --relax --mt 2 -L xil_defaultlib -L unisims_ver -L unimacro_ver -L secureip --snapshot ALU_TestBench_behav xil_defaultlib.ALU_TestBench xil_defaultlib.glbl -log elaborate.log 
Using 2 slave threads.
Starting static elaboration
Completed static elaboration
Starting simulation data flow analysis
Completed simulation data flow analysis
Time Resolution for simulation is 1ps
Compiling module xil_defaultlib.ALU_Module
Compiling module xil_defaultlib.ALU_TestBench
Compiling module xil_defaultlib.glbl
Built simulation snapshot ALU_TestBench_behav
INFO: [USF-XSim-69] 'elaborate' step finished in '3' seconds
INFO: [USF-XSim-4] XSim::Simulate design
INFO: [USF-XSim-61] Executing 'SIMULATE' step in 'F:/Spider/VLSIProjRISCV/Git/VLSI/RV32IM/RV32IM.sim/sim_1/behav/xsim'
INFO: [USF-XSim-98] *** Running xsim
   with args "ALU_TestBench_behav -key {Behavioral:sim_1:Functional:ALU_TestBench} -tclbatch {ALU_TestBench.tcl} -log {simulate.log}"
INFO: [USF-XSim-8] Loading simulator feature
Vivado Simulator 2018.2
Time resolution is 1 ps
source ALU_TestBench.tcl
# set curr_wave [current_wave_config]
# if { [string length $curr_wave] == 0 } {
#   if { [llength [get_objects]] > 0} {
#     add_wave /
#     set_property needs_save false [current_wave_config]
#   } else {
#      send_msg_id Add_Wave-1 WARNING "No top level signals found. Simulator will start without a wave window. If you want to open a wave window go to 'File->New Waveform Configuration' or type 'create_wave_config' in the TCL console."
#   }
# }
# run 1000ns
INFO: [USF-XSim-96] XSim completed. Design snapshot 'ALU_TestBench_behav' loaded.
INFO: [USF-XSim-97] XSim simulation ran for 1000ns
launch_simulation: Time (s): cpu = 00:00:03 ; elapsed = 00:00:08 . Memory (MB): peak = 937.145 ; gain = 0.000
close_sim
INFO: [Simtcl 6-16] Simulation closed
launch_simulation
INFO: [Vivado 12-5682] Launching behavioral simulation in 'F:/Spider/VLSIProjRISCV/Git/VLSI/RV32IM/RV32IM.sim/sim_1/behav/xsim'
INFO: [SIM-utils-51] Simulation object is 'sim_1'
INFO: [SIM-utils-54] Inspecting design source files for 'ALU_TestBench' in fileset 'sim_1'...
INFO: [USF-XSim-97] Finding global include files...
INFO: [USF-XSim-100] Fetching design files from 'sources_1'...(this may take a while)...
INFO: [USF-XSim-101] Fetching design files from 'sim_1'...
INFO: [USF-XSim-2] XSim::Compile design
INFO: [USF-XSim-61] Executing 'COMPILE and ANALYZE' step in 'F:/Spider/VLSIProjRISCV/Git/VLSI/RV32IM/RV32IM.sim/sim_1/behav/xsim'
"xvlog --incr --relax -prj ALU_TestBench_vlog.prj"
INFO: [VRFC 10-2263] Analyzing Verilog file "F:/Spider/VLSIProjRISCV/Git/VLSI/RV32IM/RV32IM.srcs/sources_1/new/ALU_module.v" into library xil_defaultlib
INFO: [VRFC 10-311] analyzing module ALU_Module
INFO: [VRFC 10-2263] Analyzing Verilog file "F:/Spider/VLSIProjRISCV/Git/VLSI/RV32IM/RV32IM.srcs/sim_1/new/ALU_TestBench.v" into library xil_defaultlib
INFO: [VRFC 10-311] analyzing module ALU_TestBench
INFO: [USF-XSim-69] 'compile' step finished in '3' seconds
INFO: [USF-XSim-3] XSim::Elaborate design
INFO: [USF-XSim-61] Executing 'ELABORATE' step in 'F:/Spider/VLSIProjRISCV/Git/VLSI/RV32IM/RV32IM.sim/sim_1/behav/xsim'
Vivado Simulator 2018.2
Copyright 1986-1999, 2001-2018 Xilinx, Inc. All Rights Reserved.
Running: C:/Xilinx/Vivado/2018.2/bin/unwrapped/win64.o/xelab.exe -wto 301024b189554e7993e55fcad0741d65 --incr --debug typical --relax --mt 2 -L xil_defaultlib -L unisims_ver -L unimacro_ver -L secureip --snapshot ALU_TestBench_behav xil_defaultlib.ALU_TestBench xil_defaultlib.glbl -log elaborate.log 
Using 2 slave threads.
Starting static elaboration
Completed static elaboration
Starting simulation data flow analysis
Completed simulation data flow analysis
Time Resolution for simulation is 1ps
Compiling module xil_defaultlib.ALU_Module
Compiling module xil_defaultlib.ALU_TestBench
Compiling module xil_defaultlib.glbl
Built simulation snapshot ALU_TestBench_behav
INFO: [USF-XSim-69] 'elaborate' step finished in '3' seconds
INFO: [USF-XSim-4] XSim::Simulate design
INFO: [USF-XSim-61] Executing 'SIMULATE' step in 'F:/Spider/VLSIProjRISCV/Git/VLSI/RV32IM/RV32IM.sim/sim_1/behav/xsim'
INFO: [USF-XSim-98] *** Running xsim
   with args "ALU_TestBench_behav -key {Behavioral:sim_1:Functional:ALU_TestBench} -tclbatch {ALU_TestBench.tcl} -log {simulate.log}"
INFO: [USF-XSim-8] Loading simulator feature
Vivado Simulator 2018.2
Time resolution is 1 ps
source ALU_TestBench.tcl
# set curr_wave [current_wave_config]
# if { [string length $curr_wave] == 0 } {
#   if { [llength [get_objects]] > 0} {
#     add_wave /
#     set_property needs_save false [current_wave_config]
#   } else {
#      send_msg_id Add_Wave-1 WARNING "No top level signals found. Simulator will start without a wave window. If you want to open a wave window go to 'File->New Waveform Configuration' or type 'create_wave_config' in the TCL console."
#   }
# }
# run 1000ns
INFO: [USF-XSim-96] XSim completed. Design snapshot 'ALU_TestBench_behav' loaded.
INFO: [USF-XSim-97] XSim simulation ran for 1000ns
launch_simulation: Time (s): cpu = 00:00:02 ; elapsed = 00:00:08 . Memory (MB): peak = 937.145 ; gain = 0.000
close_sim
INFO: [Simtcl 6-16] Simulation closed
close_project
open_project F:/Spider/VLSIProjRISCV/Git/VLSI/RV32IM/RV32IM.xpr
Scanning sources...
Finished scanning sources
INFO: [IP_Flow 19-234] Refreshing IP repositories
INFO: [IP_Flow 19-1704] No user IP repositories specified
INFO: [IP_Flow 19-2313] Loaded Vivado IP repository 'C:/Xilinx/Vivado/2018.2/data/ip'.
launch_simulation
INFO: [Vivado 12-5682] Launching behavioral simulation in 'F:/Spider/VLSIProjRISCV/Git/VLSI/RV32IM/RV32IM.sim/sim_1/behav/xsim'
INFO: [SIM-utils-51] Simulation object is 'sim_1'
INFO: [SIM-utils-54] Inspecting design source files for 'ALU_TestBench' in fileset 'sim_1'...
INFO: [USF-XSim-97] Finding global include files...
INFO: [USF-XSim-100] Fetching design files from 'sources_1'...(this may take a while)...
INFO: [USF-XSim-101] Fetching design files from 'sim_1'...
INFO: [USF-XSim-2] XSim::Compile design
INFO: [USF-XSim-61] Executing 'COMPILE and ANALYZE' step in 'F:/Spider/VLSIProjRISCV/Git/VLSI/RV32IM/RV32IM.sim/sim_1/behav/xsim'
"xvlog --incr --relax -prj ALU_TestBench_vlog.prj"
INFO: [VRFC 10-2263] Analyzing Verilog file "F:/Spider/VLSIProjRISCV/Git/VLSI/RV32IM/RV32IM.srcs/sources_1/new/ALU_module.v" into library xil_defaultlib
INFO: [VRFC 10-311] analyzing module ALU_Module
INFO: [VRFC 10-2263] Analyzing Verilog file "F:/Spider/VLSIProjRISCV/Git/VLSI/RV32IM/RV32IM.srcs/sim_1/new/ALU_TestBench.v" into library xil_defaultlib
INFO: [VRFC 10-311] analyzing module ALU_TestBench
INFO: [USF-XSim-69] 'compile' step finished in '2' seconds
INFO: [USF-XSim-3] XSim::Elaborate design
INFO: [USF-XSim-61] Executing 'ELABORATE' step in 'F:/Spider/VLSIProjRISCV/Git/VLSI/RV32IM/RV32IM.sim/sim_1/behav/xsim'
Vivado Simulator 2018.2
Copyright 1986-1999, 2001-2018 Xilinx, Inc. All Rights Reserved.
Running: C:/Xilinx/Vivado/2018.2/bin/unwrapped/win64.o/xelab.exe -wto 301024b189554e7993e55fcad0741d65 --incr --debug typical --relax --mt 2 -L xil_defaultlib -L unisims_ver -L unimacro_ver -L secureip --snapshot ALU_TestBench_behav xil_defaultlib.ALU_TestBench xil_defaultlib.glbl -log elaborate.log 
Using 2 slave threads.
Starting static elaboration
ERROR: [VRFC 10-426] cannot find port AluSel on this module [F:/Spider/VLSIProjRISCV/Git/VLSI/RV32IM/RV32IM.srcs/sim_1/new/ALU_TestBench.v:20]
ERROR: [XSIM 43-3322] Static elaboration of top level Verilog design unit(s) in library work failed.
INFO: [USF-XSim-69] 'elaborate' step finished in '2' seconds
INFO: [USF-XSim-99] Step results log file:'F:/Spider/VLSIProjRISCV/Git/VLSI/RV32IM/RV32IM.sim/sim_1/behav/xsim/elaborate.log'
ERROR: [USF-XSim-62] 'elaborate' step failed with error(s). Please check the Tcl console output or 'F:/Spider/VLSIProjRISCV/Git/VLSI/RV32IM/RV32IM.sim/sim_1/behav/xsim/elaborate.log' file for more information.
ERROR: [Vivado 12-4473] Detected error while running simulation. Please correct the issue and retry this operation.
ERROR: [Common 17-39] 'launch_simulation' failed due to earlier errors.
launch_simulation
INFO: [Vivado 12-5682] Launching behavioral simulation in 'F:/Spider/VLSIProjRISCV/Git/VLSI/RV32IM/RV32IM.sim/sim_1/behav/xsim'
INFO: [SIM-utils-51] Simulation object is 'sim_1'
INFO: [SIM-utils-54] Inspecting design source files for 'ALU_TestBench' in fileset 'sim_1'...
INFO: [USF-XSim-97] Finding global include files...
INFO: [USF-XSim-100] Fetching design files from 'sources_1'...(this may take a while)...
INFO: [USF-XSim-101] Fetching design files from 'sim_1'...
INFO: [USF-XSim-2] XSim::Compile design
INFO: [USF-XSim-61] Executing 'COMPILE and ANALYZE' step in 'F:/Spider/VLSIProjRISCV/Git/VLSI/RV32IM/RV32IM.sim/sim_1/behav/xsim'
"xvlog --incr --relax -prj ALU_TestBench_vlog.prj"
INFO: [VRFC 10-2263] Analyzing Verilog file "F:/Spider/VLSIProjRISCV/Git/VLSI/RV32IM/RV32IM.srcs/sources_1/new/ALU_module.v" into library xil_defaultlib
INFO: [VRFC 10-311] analyzing module ALU_Module
INFO: [VRFC 10-2263] Analyzing Verilog file "F:/Spider/VLSIProjRISCV/Git/VLSI/RV32IM/RV32IM.srcs/sim_1/new/ALU_TestBench.v" into library xil_defaultlib
INFO: [VRFC 10-311] analyzing module ALU_TestBench
INFO: [USF-XSim-69] 'compile' step finished in '1' seconds
INFO: [USF-XSim-3] XSim::Elaborate design
INFO: [USF-XSim-61] Executing 'ELABORATE' step in 'F:/Spider/VLSIProjRISCV/Git/VLSI/RV32IM/RV32IM.sim/sim_1/behav/xsim'
Vivado Simulator 2018.2
Copyright 1986-1999, 2001-2018 Xilinx, Inc. All Rights Reserved.
Running: C:/Xilinx/Vivado/2018.2/bin/unwrapped/win64.o/xelab.exe -wto 301024b189554e7993e55fcad0741d65 --incr --debug typical --relax --mt 2 -L xil_defaultlib -L unisims_ver -L unimacro_ver -L secureip --snapshot ALU_TestBench_behav xil_defaultlib.ALU_TestBench xil_defaultlib.glbl -log elaborate.log 
Using 2 slave threads.
Starting static elaboration
ERROR: [VRFC 10-426] cannot find port AluSel on this module [F:/Spider/VLSIProjRISCV/Git/VLSI/RV32IM/RV32IM.srcs/sim_1/new/ALU_TestBench.v:20]
ERROR: [XSIM 43-3322] Static elaboration of top level Verilog design unit(s) in library work failed.
INFO: [USF-XSim-69] 'elaborate' step finished in '2' seconds
INFO: [USF-XSim-99] Step results log file:'F:/Spider/VLSIProjRISCV/Git/VLSI/RV32IM/RV32IM.sim/sim_1/behav/xsim/elaborate.log'
ERROR: [USF-XSim-62] 'elaborate' step failed with error(s). Please check the Tcl console output or 'F:/Spider/VLSIProjRISCV/Git/VLSI/RV32IM/RV32IM.sim/sim_1/behav/xsim/elaborate.log' file for more information.
ERROR: [Vivado 12-4473] Detected error while running simulation. Please correct the issue and retry this operation.
ERROR: [Common 17-39] 'launch_simulation' failed due to earlier errors.
add_files -norecurse F:/Spider/VLSIProjRISCV/Git/VLSI/RV32IM/RV32IM.srcs/sources_1/new/defines.v
launch_simulation
INFO: [Vivado 12-5682] Launching behavioral simulation in 'F:/Spider/VLSIProjRISCV/Git/VLSI/RV32IM/RV32IM.sim/sim_1/behav/xsim'
INFO: [SIM-utils-51] Simulation object is 'sim_1'
INFO: [SIM-utils-54] Inspecting design source files for 'ALU_TestBench' in fileset 'sim_1'...
INFO: [USF-XSim-97] Finding global include files...
INFO: [USF-XSim-100] Fetching design files from 'sources_1'...(this may take a while)...
INFO: [USF-XSim-101] Fetching design files from 'sim_1'...
INFO: [USF-XSim-2] XSim::Compile design
INFO: [USF-XSim-61] Executing 'COMPILE and ANALYZE' step in 'F:/Spider/VLSIProjRISCV/Git/VLSI/RV32IM/RV32IM.sim/sim_1/behav/xsim'
"xvlog --incr --relax -prj ALU_TestBench_vlog.prj"
INFO: [VRFC 10-2263] Analyzing Verilog file "F:/Spider/VLSIProjRISCV/Git/VLSI/RV32IM/RV32IM.srcs/sources_1/new/defines.v" into library xil_defaultlib
INFO: [USF-XSim-69] 'compile' step finished in '2' seconds
INFO: [USF-XSim-3] XSim::Elaborate design
INFO: [USF-XSim-61] Executing 'ELABORATE' step in 'F:/Spider/VLSIProjRISCV/Git/VLSI/RV32IM/RV32IM.sim/sim_1/behav/xsim'
Vivado Simulator 2018.2
Copyright 1986-1999, 2001-2018 Xilinx, Inc. All Rights Reserved.
Running: C:/Xilinx/Vivado/2018.2/bin/unwrapped/win64.o/xelab.exe -wto 301024b189554e7993e55fcad0741d65 --incr --debug typical --relax --mt 2 -L xil_defaultlib -L unisims_ver -L unimacro_ver -L secureip --snapshot ALU_TestBench_behav xil_defaultlib.ALU_TestBench xil_defaultlib.glbl -log elaborate.log 
Using 2 slave threads.
Starting static elaboration
ERROR: [VRFC 10-426] cannot find port AluSel on this module [F:/Spider/VLSIProjRISCV/Git/VLSI/RV32IM/RV32IM.srcs/sim_1/new/ALU_TestBench.v:20]
ERROR: [XSIM 43-3322] Static elaboration of top level Verilog design unit(s) in library work failed.
INFO: [USF-XSim-69] 'elaborate' step finished in '1' seconds
INFO: [USF-XSim-99] Step results log file:'F:/Spider/VLSIProjRISCV/Git/VLSI/RV32IM/RV32IM.sim/sim_1/behav/xsim/elaborate.log'
ERROR: [USF-XSim-62] 'elaborate' step failed with error(s). Please check the Tcl console output or 'F:/Spider/VLSIProjRISCV/Git/VLSI/RV32IM/RV32IM.sim/sim_1/behav/xsim/elaborate.log' file for more information.
ERROR: [Vivado 12-4473] Detected error while running simulation. Please correct the issue and retry this operation.
ERROR: [Common 17-39] 'launch_simulation' failed due to earlier errors.
launch_simulation
INFO: [Vivado 12-5682] Launching behavioral simulation in 'F:/Spider/VLSIProjRISCV/Git/VLSI/RV32IM/RV32IM.sim/sim_1/behav/xsim'
INFO: [SIM-utils-51] Simulation object is 'sim_1'
INFO: [SIM-utils-54] Inspecting design source files for 'ALU_TestBench' in fileset 'sim_1'...
INFO: [USF-XSim-97] Finding global include files...
INFO: [USF-XSim-100] Fetching design files from 'sources_1'...(this may take a while)...
INFO: [USF-XSim-101] Fetching design files from 'sim_1'...
INFO: [USF-XSim-2] XSim::Compile design
INFO: [USF-XSim-61] Executing 'COMPILE and ANALYZE' step in 'F:/Spider/VLSIProjRISCV/Git/VLSI/RV32IM/RV32IM.sim/sim_1/behav/xsim'
"xvlog --incr --relax -prj ALU_TestBench_vlog.prj"
INFO: [VRFC 10-2263] Analyzing Verilog file "F:/Spider/VLSIProjRISCV/Git/VLSI/RV32IM/RV32IM.srcs/sources_1/new/ALU_module.v" into library xil_defaultlib
INFO: [VRFC 10-311] analyzing module ALU_Module
INFO: [VRFC 10-2263] Analyzing Verilog file "F:/Spider/VLSIProjRISCV/Git/VLSI/RV32IM/RV32IM.srcs/sources_1/new/defines.v" into library xil_defaultlib
INFO: [VRFC 10-2263] Analyzing Verilog file "F:/Spider/VLSIProjRISCV/Git/VLSI/RV32IM/RV32IM.srcs/sim_1/new/ALU_TestBench.v" into library xil_defaultlib
INFO: [VRFC 10-311] analyzing module ALU_TestBench
INFO: [USF-XSim-69] 'compile' step finished in '2' seconds
INFO: [USF-XSim-3] XSim::Elaborate design
INFO: [USF-XSim-61] Executing 'ELABORATE' step in 'F:/Spider/VLSIProjRISCV/Git/VLSI/RV32IM/RV32IM.sim/sim_1/behav/xsim'
Vivado Simulator 2018.2
Copyright 1986-1999, 2001-2018 Xilinx, Inc. All Rights Reserved.
Running: C:/Xilinx/Vivado/2018.2/bin/unwrapped/win64.o/xelab.exe -wto 301024b189554e7993e55fcad0741d65 --incr --debug typical --relax --mt 2 -L xil_defaultlib -L unisims_ver -L unimacro_ver -L secureip --snapshot ALU_TestBench_behav xil_defaultlib.ALU_TestBench xil_defaultlib.glbl -log elaborate.log 
Using 2 slave threads.
Starting static elaboration
Completed static elaboration
Starting simulation data flow analysis
Completed simulation data flow analysis
Time Resolution for simulation is 1ps
Compiling module xil_defaultlib.ALU_Module
Compiling module xil_defaultlib.ALU_TestBench
Compiling module xil_defaultlib.glbl
Built simulation snapshot ALU_TestBench_behav
INFO: [USF-XSim-69] 'elaborate' step finished in '2' seconds
INFO: [USF-XSim-4] XSim::Simulate design
INFO: [USF-XSim-61] Executing 'SIMULATE' step in 'F:/Spider/VLSIProjRISCV/Git/VLSI/RV32IM/RV32IM.sim/sim_1/behav/xsim'
INFO: [USF-XSim-98] *** Running xsim
   with args "ALU_TestBench_behav -key {Behavioral:sim_1:Functional:ALU_TestBench} -tclbatch {ALU_TestBench.tcl} -log {simulate.log}"
INFO: [USF-XSim-8] Loading simulator feature
Vivado Simulator 2018.2
Time resolution is 1 ps
source ALU_TestBench.tcl
# set curr_wave [current_wave_config]
# if { [string length $curr_wave] == 0 } {
#   if { [llength [get_objects]] > 0} {
#     add_wave /
#     set_property needs_save false [current_wave_config]
#   } else {
#      send_msg_id Add_Wave-1 WARNING "No top level signals found. Simulator will start without a wave window. If you want to open a wave window go to 'File->New Waveform Configuration' or type 'create_wave_config' in the TCL console."
#   }
# }
# run 1000ns
INFO: [USF-XSim-96] XSim completed. Design snapshot 'ALU_TestBench_behav' loaded.
INFO: [USF-XSim-97] XSim simulation ran for 1000ns
launch_simulation: Time (s): cpu = 00:00:03 ; elapsed = 00:00:07 . Memory (MB): peak = 943.500 ; gain = 6.355
close_sim
INFO: [Simtcl 6-16] Simulation closed
exit
INFO: [Common 17-206] Exiting Vivado at Sat Oct  3 20:38:03 2020...
